[info] [API] Request for projects/list: {
	"action": "projects/list",
	"params": {
		"clickedPath": "C:/Users/PC/Desktop/Teraz powinno być si/lowgular-course-entry/src/app"
	},
	"context": {
		"workspace": {
			"rootPath": "C:/Users/PC/Desktop/Teraz powinno być si/lowgular-course-entry"
		},
		"userContext": {
			"id": "",
			"correlationId": "bUeoWUZ80K",
			"logEnvId": "development"
		}
	},
	"level": "info",
	"message": "[API] Request for projects/list"
}
[info] [CLI] Calling Query projects/list: {
	"funcParams": {
		"clickedPath": "C:/Users/PC/Desktop/Teraz powinno być si/lowgular-course-entry/src/app"
	},
	"level": "info",
	"message": "[CLI] Calling Query projects/list"
}
[info] [CLI] Called Query projects/list: {
	"result": {
		"clickedProject": {
			"name": "lowgular-course-entry",
			"path": "C:/Users/PC/Desktop/Teraz powinno być si/lowgular-course-entry/src/app"
		},
		"otherProjects": []
	},
	"level": "info",
	"message": "[CLI] Called Query projects/list"
}
[info] [API] Response ok: projects/list: {
	"result": {
		"clickedProject": {
			"name": "lowgular-course-entry",
			"path": "C:/Users/PC/Desktop/Teraz powinno być si/lowgular-course-entry/src/app"
		},
		"otherProjects": []
	},
	"level": "info",
	"message": "[API] Response ok: projects/list"
}
[info] [API] Request for entity/list: {
	"action": "entity/list",
	"params": {
		"clickedPath": "C:/Users/PC/Desktop/Teraz powinno być si/lowgular-course-entry/src/app"
	},
	"context": {
		"workspace": {
			"rootPath": "C:/Users/PC/Desktop/Teraz powinno być si/lowgular-course-entry"
		},
		"userContext": {
			"id": "",
			"correlationId": "bUeoWUZ80K",
			"logEnvId": "development"
		}
	},
	"level": "info",
	"message": "[API] Request for entity/list"
}
[info] [CLI] Calling Query entity/list: {
	"funcParams": {
		"clickedPath": "C:/Users/PC/Desktop/Teraz powinno być si/lowgular-course-entry/src/app"
	},
	"level": "info",
	"message": "[CLI] Calling Query entity/list"
}
[info] [CLI] Called Query entity/list: {
	"result": [
		{
			"id": "component",
			"type": "ANGULAR_COMPONENT",
			"suffix": "Component",
			"folder": "ui/$name$",
			"insideOf": "App",
			"config": {
				"stylesExtension": "none",
				"viewEncapsulation": "Emulated",
				"selector": "generated",
				"changeDetectionStrategy": "OnPush"
			}
		},
		{
			"id": "dataService",
			"type": "SERVICE",
			"suffix": "Service",
			"folder": "services",
			"insideOf": "App"
		},
		{
			"id": "model",
			"type": "DATA_STRUCTURE",
			"suffix": "Model",
			"folder": "model",
			"insideOf": "App"
		},
		{
			"id": "response",
			"type": "DATA_STRUCTURE",
			"suffix": "Response",
			"folder": "services",
			"insideOf": "App"
		}
	],
	"level": "info",
	"message": "[CLI] Called Query entity/list"
}
[info] [API] Response ok: entity/list: {
	"result": [
		{
			"id": "component",
			"type": "ANGULAR_COMPONENT",
			"suffix": "Component",
			"folder": "ui/$name$",
			"insideOf": "App",
			"config": {
				"stylesExtension": "none",
				"viewEncapsulation": "Emulated",
				"selector": "generated",
				"changeDetectionStrategy": "OnPush"
			}
		},
		{
			"id": "dataService",
			"type": "SERVICE",
			"suffix": "Service",
			"folder": "services",
			"insideOf": "App"
		},
		{
			"id": "model",
			"type": "DATA_STRUCTURE",
			"suffix": "Model",
			"folder": "model",
			"insideOf": "App"
		},
		{
			"id": "response",
			"type": "DATA_STRUCTURE",
			"suffix": "Response",
			"folder": "services",
			"insideOf": "App"
		}
	],
	"level": "info",
	"message": "[API] Response ok: entity/list"
}
[info] [API] Request for projects/list: {
	"action": "projects/list",
	"params": {
		"clickedPath": "C:/Users/PC/Desktop/Teraz powinno być si/lowgular-course-entry/src/app"
	},
	"context": {
		"workspace": {
			"rootPath": "C:/Users/PC/Desktop/Teraz powinno być si/lowgular-course-entry"
		},
		"userContext": {
			"id": "",
			"correlationId": "XqRtvs3Lwn",
			"logEnvId": "development"
		}
	},
	"level": "info",
	"message": "[API] Request for projects/list"
}
[info] [CLI] Calling Query projects/list: {
	"funcParams": {
		"clickedPath": "C:/Users/PC/Desktop/Teraz powinno być si/lowgular-course-entry/src/app"
	},
	"level": "info",
	"message": "[CLI] Calling Query projects/list"
}
[info] [CLI] Called Query projects/list: {
	"result": {
		"clickedProject": {
			"name": "lowgular-course-entry",
			"path": "C:/Users/PC/Desktop/Teraz powinno być si/lowgular-course-entry/src/app"
		},
		"otherProjects": []
	},
	"level": "info",
	"message": "[CLI] Called Query projects/list"
}
[info] [API] Response ok: projects/list: {
	"result": {
		"clickedProject": {
			"name": "lowgular-course-entry",
			"path": "C:/Users/PC/Desktop/Teraz powinno być si/lowgular-course-entry/src/app"
		},
		"otherProjects": []
	},
	"level": "info",
	"message": "[API] Response ok: projects/list"
}
[info] [API] Request for entity/list: {
	"action": "entity/list",
	"params": {
		"clickedPath": "C:/Users/PC/Desktop/Teraz powinno być si/lowgular-course-entry/src/app"
	},
	"context": {
		"workspace": {
			"rootPath": "C:/Users/PC/Desktop/Teraz powinno być si/lowgular-course-entry"
		},
		"userContext": {
			"id": "",
			"correlationId": "XqRtvs3Lwn",
			"logEnvId": "development"
		}
	},
	"level": "info",
	"message": "[API] Request for entity/list"
}
[info] [CLI] Calling Query entity/list: {
	"funcParams": {
		"clickedPath": "C:/Users/PC/Desktop/Teraz powinno być si/lowgular-course-entry/src/app"
	},
	"level": "info",
	"message": "[CLI] Calling Query entity/list"
}
[info] [CLI] Called Query entity/list: {
	"result": [
		{
			"id": "component",
			"type": "ANGULAR_COMPONENT",
			"suffix": "Component",
			"folder": "ui/$name$",
			"insideOf": "App",
			"config": {
				"stylesExtension": "none",
				"viewEncapsulation": "Emulated",
				"selector": "generated",
				"changeDetectionStrategy": "OnPush"
			}
		},
		{
			"id": "dataService",
			"type": "SERVICE",
			"suffix": "Service",
			"folder": "services",
			"insideOf": "App"
		},
		{
			"id": "model",
			"type": "DATA_STRUCTURE",
			"suffix": "Model",
			"folder": "model",
			"insideOf": "App"
		},
		{
			"id": "response",
			"type": "DATA_STRUCTURE",
			"suffix": "Response",
			"folder": "services",
			"insideOf": "App"
		}
	],
	"level": "info",
	"message": "[CLI] Called Query entity/list"
}
[info] [API] Response ok: entity/list: {
	"result": [
		{
			"id": "component",
			"type": "ANGULAR_COMPONENT",
			"suffix": "Component",
			"folder": "ui/$name$",
			"insideOf": "App",
			"config": {
				"stylesExtension": "none",
				"viewEncapsulation": "Emulated",
				"selector": "generated",
				"changeDetectionStrategy": "OnPush"
			}
		},
		{
			"id": "dataService",
			"type": "SERVICE",
			"suffix": "Service",
			"folder": "services",
			"insideOf": "App"
		},
		{
			"id": "model",
			"type": "DATA_STRUCTURE",
			"suffix": "Model",
			"folder": "model",
			"insideOf": "App"
		},
		{
			"id": "response",
			"type": "DATA_STRUCTURE",
			"suffix": "Response",
			"folder": "services",
			"insideOf": "App"
		}
	],
	"level": "info",
	"message": "[API] Response ok: entity/list"
}
[info] [API] Request for projects/list: {
	"action": "projects/list",
	"params": {
		"clickedPath": "C:/Users/PC/Desktop/Teraz powinno być si/lowgular-course-entry/src/app"
	},
	"context": {
		"workspace": {
			"rootPath": "C:/Users/PC/Desktop/Teraz powinno być si/lowgular-course-entry"
		},
		"userContext": {
			"id": "7zFsNSilXWOOlxgwZcC1Zdwcs0p1",
			"correlationId": "iXWdrlxWT4",
			"logEnvId": "development"
		}
	},
	"level": "info",
	"message": "[API] Request for projects/list"
}
[info] [CLI] Calling Query projects/list: {
	"funcParams": {
		"clickedPath": "C:/Users/PC/Desktop/Teraz powinno być si/lowgular-course-entry/src/app"
	},
	"level": "info",
	"message": "[CLI] Calling Query projects/list"
}
[info] [CLI] Called Query projects/list: {
	"result": {
		"clickedProject": {
			"name": "lowgular-course-entry",
			"path": "C:/Users/PC/Desktop/Teraz powinno być si/lowgular-course-entry/src/app"
		},
		"otherProjects": []
	},
	"level": "info",
	"message": "[CLI] Called Query projects/list"
}
[info] [API] Response ok: projects/list: {
	"result": {
		"clickedProject": {
			"name": "lowgular-course-entry",
			"path": "C:/Users/PC/Desktop/Teraz powinno być si/lowgular-course-entry/src/app"
		},
		"otherProjects": []
	},
	"level": "info",
	"message": "[API] Response ok: projects/list"
}
[info] [API] Request for entity/list: {
	"action": "entity/list",
	"params": {
		"clickedPath": "C:/Users/PC/Desktop/Teraz powinno być si/lowgular-course-entry/src/app"
	},
	"context": {
		"workspace": {
			"rootPath": "C:/Users/PC/Desktop/Teraz powinno być si/lowgular-course-entry"
		},
		"userContext": {
			"id": "7zFsNSilXWOOlxgwZcC1Zdwcs0p1",
			"correlationId": "iXWdrlxWT4",
			"logEnvId": "development"
		}
	},
	"level": "info",
	"message": "[API] Request for entity/list"
}
[info] [CLI] Calling Query entity/list: {
	"funcParams": {
		"clickedPath": "C:/Users/PC/Desktop/Teraz powinno być si/lowgular-course-entry/src/app"
	},
	"level": "info",
	"message": "[CLI] Calling Query entity/list"
}
[info] [CLI] Called Query entity/list: {
	"result": [
		{
			"id": "component",
			"type": "ANGULAR_COMPONENT",
			"suffix": "Component",
			"folder": "ui/$name$",
			"insideOf": "App",
			"config": {
				"stylesExtension": "none",
				"viewEncapsulation": "Emulated",
				"selector": "generated",
				"changeDetectionStrategy": "OnPush"
			}
		},
		{
			"id": "dataService",
			"type": "SERVICE",
			"suffix": "Service",
			"folder": "services",
			"insideOf": "App"
		},
		{
			"id": "model",
			"type": "DATA_STRUCTURE",
			"suffix": "Model",
			"folder": "model",
			"insideOf": "App"
		},
		{
			"id": "response",
			"type": "DATA_STRUCTURE",
			"suffix": "Response",
			"folder": "services",
			"insideOf": "App"
		}
	],
	"level": "info",
	"message": "[CLI] Called Query entity/list"
}
[info] [API] Response ok: entity/list: {
	"result": [
		{
			"id": "component",
			"type": "ANGULAR_COMPONENT",
			"suffix": "Component",
			"folder": "ui/$name$",
			"insideOf": "App",
			"config": {
				"stylesExtension": "none",
				"viewEncapsulation": "Emulated",
				"selector": "generated",
				"changeDetectionStrategy": "OnPush"
			}
		},
		{
			"id": "dataService",
			"type": "SERVICE",
			"suffix": "Service",
			"folder": "services",
			"insideOf": "App"
		},
		{
			"id": "model",
			"type": "DATA_STRUCTURE",
			"suffix": "Model",
			"folder": "model",
			"insideOf": "App"
		},
		{
			"id": "response",
			"type": "DATA_STRUCTURE",
			"suffix": "Response",
			"folder": "services",
			"insideOf": "App"
		}
	],
	"level": "info",
	"message": "[API] Response ok: entity/list"
}
[info] [API] Request for angular-component/create: {
	"action": "angular-component/create",
	"params": {
		"name": "employee-faces",
		"clickedPath": "C:/Users/PC/Desktop/Teraz powinno być si/lowgular-course-entry/src/app",
		"entityId": "component"
	},
	"context": {
		"workspace": {
			"rootPath": "C:/Users/PC/Desktop/Teraz powinno być si/lowgular-course-entry"
		},
		"userContext": {
			"id": "7zFsNSilXWOOlxgwZcC1Zdwcs0p1",
			"correlationId": "iXWdrlxWT4",
			"logEnvId": "development"
		}
	},
	"level": "info",
	"message": "[API] Request for angular-component/create"
}
[info] [CLI] Calling Command angular-component/create: {
	"funcParams": {
		"name": "employee-faces",
		"clickedPath": "C:/Users/PC/Desktop/Teraz powinno być si/lowgular-course-entry/src/app",
		"entityId": "component"
	},
	"level": "info",
	"message": "[CLI] Calling Command angular-component/create"
}
[info] [CommandBus]: Dispatching command COMPONENT_CREATE_SMART_COMPONENT: {
	"commandName": "COMPONENT_CREATE_SMART_COMPONENT",
	"payload": {
		"name": "employee-faces",
		"prefix": "app",
		"suffix": "Component",
		"absoluteFolderPath": "C:/Users/PC/Desktop/Teraz powinno być si/lowgular-course-entry/src/app/ui/employee-faces",
		"config": {
			"stylesExtension": "none",
			"viewEncapsulation": "Emulated",
			"selector": "generated",
			"changeDetectionStrategy": "OnPush"
		}
	},
	"level": "info",
	"message": "[CommandBus]: Dispatching command COMPONENT_CREATE_SMART_COMPONENT"
}
[warn] [TsMorphFileAdapter]: File Not Found, creating...: {
	"filePath": "C:/Users/PC/Desktop/Teraz powinno być si/lowgular-course-entry/src/app/ui/employee-faces/employee-faces.component.html",
	"level": "warn",
	"message": "[TsMorphFileAdapter]: File Not Found, creating..."
}
[info] [EventBus]: Broadcasting event COMPONENT_SMART_COMPONENT_CREATED: {
	"type": "COMPONENT_SMART_COMPONENT_CREATED",
	"payload": {
		"createdFile": "C:/Users/PC/Desktop/Teraz powinno być si/lowgular-course-entry/src/app/ui/employee-faces/employee-faces.component.ts"
	},
	"level": "info",
	"message": "[EventBus]: Broadcasting event COMPONENT_SMART_COMPONENT_CREATED"
}
[info] [CommandBus]: Dispatching command CREATE_COMPONENT_MODULE: {
	"commandName": "CREATE_COMPONENT_MODULE",
	"payload": {
		"moduleFilePath": "C:/Users/PC/Desktop/Teraz powinno być si/lowgular-course-entry/src/app/ui/employee-faces/employee-faces.component-module.ts"
	},
	"level": "info",
	"message": "[CommandBus]: Dispatching command CREATE_COMPONENT_MODULE"
}
[info] [EventBus]: Broadcasted COMPONENT_SMART_COMPONENT_CREATED: {
	"event": {
		"createdFile": "C:/Users/PC/Desktop/Teraz powinno być si/lowgular-course-entry/src/app/ui/employee-faces/employee-faces.component.ts"
	},
	"level": "info",
	"message": "[EventBus]: Broadcasted COMPONENT_SMART_COMPONENT_CREATED"
}
[info] [EventBus]: Broadcasting event MODULE_MODULE_CREATED: {
	"type": "MODULE_MODULE_CREATED",
	"payload": {
		"moduleFile": "C:/Users/PC/Desktop/Teraz powinno być si/lowgular-course-entry/src/app/ui/employee-faces/employee-faces.component-module.ts"
	},
	"level": "info",
	"message": "[EventBus]: Broadcasting event MODULE_MODULE_CREATED"
}
[info] [EventBus]: Broadcasted MODULE_MODULE_CREATED: {
	"event": {
		"moduleFile": "C:/Users/PC/Desktop/Teraz powinno być si/lowgular-course-entry/src/app/ui/employee-faces/employee-faces.component-module.ts"
	},
	"level": "info",
	"message": "[EventBus]: Broadcasted MODULE_MODULE_CREATED"
}
[info] [CommandBus]: Handled  CREATE_COMPONENT_MODULE: {
	"commandName": "CREATE_COMPONENT_MODULE",
	"payload": {
		"moduleFilePath": "C:/Users/PC/Desktop/Teraz powinno być si/lowgular-course-entry/src/app/ui/employee-faces/employee-faces.component-module.ts"
	},
	"level": "info",
	"message": "[CommandBus]: Handled  CREATE_COMPONENT_MODULE"
}
[info] [CommandBus]: Handled  COMPONENT_CREATE_SMART_COMPONENT: {
	"commandName": "COMPONENT_CREATE_SMART_COMPONENT",
	"payload": {
		"name": "employee-faces",
		"prefix": "app",
		"suffix": "Component",
		"absoluteFolderPath": "C:/Users/PC/Desktop/Teraz powinno być si/lowgular-course-entry/src/app/ui/employee-faces",
		"config": {
			"stylesExtension": "none",
			"viewEncapsulation": "Emulated",
			"selector": "generated",
			"changeDetectionStrategy": "OnPush"
		}
	},
	"level": "info",
	"message": "[CommandBus]: Handled  COMPONENT_CREATE_SMART_COMPONENT"
}
[info] [CLI] Called Command angular-component/create: {
	"message": "[CLI] Called Command angular-component/create",
	"level": "info"
}
[info] [API] Response ok: angular-component/create: {
	"result": {
		"filePath": "C:/Users/PC/Desktop/Teraz powinno być si/lowgular-course-entry/src/app/ui/employee-faces/employee-faces.component.ts"
	},
	"level": "info",
	"message": "[API] Response ok: angular-component/create"
}
[info] [API] Request for entity/actions: {
	"action": "entity/actions",
	"params": {
		"clickedPath": "C:/Users/PC/Desktop/Teraz powinno być si/lowgular-course-entry/src/app/ui/employee-faces/employee-faces.component.ts",
		"position": 323
	},
	"context": {
		"workspace": {
			"rootPath": "C:/Users/PC/Desktop/Teraz powinno być si/lowgular-course-entry"
		},
		"userContext": {
			"id": "7zFsNSilXWOOlxgwZcC1Zdwcs0p1",
			"correlationId": "NKNrL6i4oW",
			"logEnvId": "development"
		}
	},
	"level": "info",
	"message": "[API] Request for entity/actions"
}
[info] [CLI] Calling Query entity/actions: {
	"funcParams": {
		"clickedPath": "C:/Users/PC/Desktop/Teraz powinno być si/lowgular-course-entry/src/app/ui/employee-faces/employee-faces.component.ts",
		"position": 323
	},
	"level": "info",
	"message": "[CLI] Calling Query entity/actions"
}
[info] [CLI] Called Query entity/actions: {
	"result": [
		{
			"id": "INJECT",
			"label": "Inject",
			"context": {}
		}
	],
	"level": "info",
	"message": "[CLI] Called Query entity/actions"
}
[info] [API] Response ok: entity/actions: {
	"result": [
		{
			"id": "INJECT",
			"label": "Inject",
			"context": {}
		}
	],
	"level": "info",
	"message": "[API] Response ok: entity/actions"
}
[info] [API] Request for injectable/list: {
	"action": "injectable/list",
	"params": {
		"entityFilePath": "C:/Users/PC/Desktop/Teraz powinno być si/lowgular-course-entry/src/app/ui/employee-faces/employee-faces.component.ts"
	},
	"context": {
		"workspace": {
			"rootPath": "C:/Users/PC/Desktop/Teraz powinno być si/lowgular-course-entry"
		},
		"userContext": {
			"id": "7zFsNSilXWOOlxgwZcC1Zdwcs0p1",
			"correlationId": "NKNrL6i4oW",
			"logEnvId": "development"
		}
	},
	"level": "info",
	"message": "[API] Request for injectable/list"
}
[info] [CLI] Calling Query injectable/list: {
	"funcParams": {
		"entityFilePath": "C:/Users/PC/Desktop/Teraz powinno być si/lowgular-course-entry/src/app/ui/employee-faces/employee-faces.component.ts"
	},
	"level": "info",
	"message": "[CLI] Calling Query injectable/list"
}
[info] [CLI] Called Query injectable/list: {
	"result": [
		{
			"id": "httpClient",
			"dataType": "External",
			"name": "HttpClient",
			"relatedTypes": {}
		}
	],
	"level": "info",
	"message": "[CLI] Called Query injectable/list"
}
[info] [API] Response ok: injectable/list: {
	"result": [
		{
			"id": "httpClient",
			"dataType": "External",
			"name": "HttpClient",
			"relatedTypes": {}
		}
	],
	"level": "info",
	"message": "[API] Response ok: injectable/list"
}
[info] [API] Request for injectable/inject-external: {
	"action": "injectable/inject-external",
	"params": {
		"entityFilePath": "C:/Users/PC/Desktop/Teraz powinno być si/lowgular-course-entry/src/app/ui/employee-faces/employee-faces.component.ts",
		"externalId": "httpClient"
	},
	"context": {
		"workspace": {
			"rootPath": "C:/Users/PC/Desktop/Teraz powinno być si/lowgular-course-entry"
		},
		"userContext": {
			"id": "7zFsNSilXWOOlxgwZcC1Zdwcs0p1",
			"correlationId": "NKNrL6i4oW",
			"logEnvId": "development"
		}
	},
	"level": "info",
	"message": "[API] Request for injectable/inject-external"
}
[info] [CLI] Calling Command injectable/inject-external: {
	"funcParams": {
		"entityFilePath": "C:/Users/PC/Desktop/Teraz powinno być si/lowgular-course-entry/src/app/ui/employee-faces/employee-faces.component.ts",
		"externalId": "httpClient"
	},
	"level": "info",
	"message": "[CLI] Calling Command injectable/inject-external"
}
[info] [CommandBus]: Dispatching command INJECT_EXTERNAL_DEPENDENCY: {
	"commandName": "INJECT_EXTERNAL_DEPENDENCY",
	"payload": {
		"entityFilePath": "C:/Users/PC/Desktop/Teraz powinno być si/lowgular-course-entry/src/app/ui/employee-faces/employee-faces.component.ts",
		"externalType": "HttpClient",
		"genericFilePaths": []
	},
	"level": "info",
	"message": "[CommandBus]: Dispatching command INJECT_EXTERNAL_DEPENDENCY"
}
[info] [CommandBus]: Handled  INJECT_EXTERNAL_DEPENDENCY: {
	"commandName": "INJECT_EXTERNAL_DEPENDENCY",
	"payload": {
		"entityFilePath": "C:/Users/PC/Desktop/Teraz powinno być si/lowgular-course-entry/src/app/ui/employee-faces/employee-faces.component.ts",
		"externalType": "HttpClient",
		"genericFilePaths": []
	},
	"level": "info",
	"message": "[CommandBus]: Handled  INJECT_EXTERNAL_DEPENDENCY"
}
[info] [CLI] Called Command injectable/inject-external: {
	"message": "[CLI] Called Command injectable/inject-external",
	"level": "info"
}
[info] [API] Response ok: injectable/inject-external: {
	"result": {
		"filePath": "C:/Users/PC/Desktop/Teraz powinno być si/lowgular-course-entry/src/app/ui/employee-faces/employee-faces.component.ts"
	},
	"level": "info",
	"message": "[API] Response ok: injectable/inject-external"
}
[info] [API] Request for projects/list: {
	"action": "projects/list",
	"params": {
		"clickedPath": "C:/Users/PC/Desktop/Teraz powinno być si/lowgular-course-entry/src/app/ui"
	},
	"context": {
		"workspace": {
			"rootPath": "C:/Users/PC/Desktop/Teraz powinno być si/lowgular-course-entry"
		},
		"userContext": {
			"id": "7zFsNSilXWOOlxgwZcC1Zdwcs0p1",
			"correlationId": "CliYJZr4iW",
			"logEnvId": "development"
		}
	},
	"level": "info",
	"message": "[API] Request for projects/list"
}
[info] [CLI] Calling Query projects/list: {
	"funcParams": {
		"clickedPath": "C:/Users/PC/Desktop/Teraz powinno być si/lowgular-course-entry/src/app/ui"
	},
	"level": "info",
	"message": "[CLI] Calling Query projects/list"
}
[info] [CLI] Called Query projects/list: {
	"result": {
		"clickedProject": {
			"name": "lowgular-course-entry",
			"path": "C:/Users/PC/Desktop/Teraz powinno być si/lowgular-course-entry/src/app"
		},
		"otherProjects": []
	},
	"level": "info",
	"message": "[CLI] Called Query projects/list"
}
[info] [API] Response ok: projects/list: {
	"result": {
		"clickedProject": {
			"name": "lowgular-course-entry",
			"path": "C:/Users/PC/Desktop/Teraz powinno być si/lowgular-course-entry/src/app"
		},
		"otherProjects": []
	},
	"level": "info",
	"message": "[API] Response ok: projects/list"
}
[info] [API] Request for entity/list: {
	"action": "entity/list",
	"params": {
		"clickedPath": "C:/Users/PC/Desktop/Teraz powinno być si/lowgular-course-entry/src/app"
	},
	"context": {
		"workspace": {
			"rootPath": "C:/Users/PC/Desktop/Teraz powinno być si/lowgular-course-entry"
		},
		"userContext": {
			"id": "7zFsNSilXWOOlxgwZcC1Zdwcs0p1",
			"correlationId": "CliYJZr4iW",
			"logEnvId": "development"
		}
	},
	"level": "info",
	"message": "[API] Request for entity/list"
}
[info] [CLI] Calling Query entity/list: {
	"funcParams": {
		"clickedPath": "C:/Users/PC/Desktop/Teraz powinno być si/lowgular-course-entry/src/app"
	},
	"level": "info",
	"message": "[CLI] Calling Query entity/list"
}
[info] [CLI] Called Query entity/list: {
	"result": [
		{
			"id": "component",
			"type": "ANGULAR_COMPONENT",
			"suffix": "Component",
			"folder": "ui/$name$",
			"insideOf": "App",
			"config": {
				"stylesExtension": "none",
				"viewEncapsulation": "Emulated",
				"selector": "generated",
				"changeDetectionStrategy": "OnPush"
			}
		},
		{
			"id": "dataService",
			"type": "SERVICE",
			"suffix": "Service",
			"folder": "services",
			"insideOf": "App"
		},
		{
			"id": "model",
			"type": "DATA_STRUCTURE",
			"suffix": "Model",
			"folder": "model",
			"insideOf": "App"
		},
		{
			"id": "response",
			"type": "DATA_STRUCTURE",
			"suffix": "Response",
			"folder": "services",
			"insideOf": "App"
		}
	],
	"level": "info",
	"message": "[CLI] Called Query entity/list"
}
[info] [API] Response ok: entity/list: {
	"result": [
		{
			"id": "component",
			"type": "ANGULAR_COMPONENT",
			"suffix": "Component",
			"folder": "ui/$name$",
			"insideOf": "App",
			"config": {
				"stylesExtension": "none",
				"viewEncapsulation": "Emulated",
				"selector": "generated",
				"changeDetectionStrategy": "OnPush"
			}
		},
		{
			"id": "dataService",
			"type": "SERVICE",
			"suffix": "Service",
			"folder": "services",
			"insideOf": "App"
		},
		{
			"id": "model",
			"type": "DATA_STRUCTURE",
			"suffix": "Model",
			"folder": "model",
			"insideOf": "App"
		},
		{
			"id": "response",
			"type": "DATA_STRUCTURE",
			"suffix": "Response",
			"folder": "services",
			"insideOf": "App"
		}
	],
	"level": "info",
	"message": "[API] Response ok: entity/list"
}
[info] [API] Request for service/create: {
	"action": "service/create",
	"params": {
		"name": "employee",
		"clickedPath": "C:/Users/PC/Desktop/Teraz powinno być si/lowgular-course-entry/src/app/ui",
		"entityId": "dataService"
	},
	"context": {
		"workspace": {
			"rootPath": "C:/Users/PC/Desktop/Teraz powinno być si/lowgular-course-entry"
		},
		"userContext": {
			"id": "7zFsNSilXWOOlxgwZcC1Zdwcs0p1",
			"correlationId": "CliYJZr4iW",
			"logEnvId": "development"
		}
	},
	"level": "info",
	"message": "[API] Request for service/create"
}
[info] [CLI] Calling Command service/create: {
	"funcParams": {
		"name": "employee",
		"clickedPath": "C:/Users/PC/Desktop/Teraz powinno być si/lowgular-course-entry/src/app/ui",
		"entityId": "dataService"
	},
	"level": "info",
	"message": "[CLI] Calling Command service/create"
}
[info] [CommandBus]: Dispatching command CREATE_SERVICE: {
	"commandName": "CREATE_SERVICE",
	"payload": {
		"folderPath": "C:/Users/PC/Desktop/Teraz powinno być si/lowgular-course-entry/src/app/services",
		"name": "employee",
		"suffix": "Service"
	},
	"level": "info",
	"message": "[CommandBus]: Dispatching command CREATE_SERVICE"
}
[info] [EventBus]: Broadcasting event SERVICE_CREATED: {
	"type": "SERVICE_CREATED",
	"payload": {
		"createdFile": "C:/Users/PC/Desktop/Teraz powinno być si/lowgular-course-entry/src/app/services/employee.service.ts"
	},
	"level": "info",
	"message": "[EventBus]: Broadcasting event SERVICE_CREATED"
}
[info] [CommandBus]: Dispatching command MODULE_CREATE_MODULE: {
	"commandName": "MODULE_CREATE_MODULE",
	"payload": {
		"filePath": "C:/Users/PC/Desktop/Teraz powinno być si/lowgular-course-entry/src/app/services/employee.service.ts"
	},
	"level": "info",
	"message": "[CommandBus]: Dispatching command MODULE_CREATE_MODULE"
}
[info] [EventBus]: Broadcasted SERVICE_CREATED: {
	"event": {
		"createdFile": "C:/Users/PC/Desktop/Teraz powinno być si/lowgular-course-entry/src/app/services/employee.service.ts"
	},
	"level": "info",
	"message": "[EventBus]: Broadcasted SERVICE_CREATED"
}
[info] [EventBus]: Broadcasting event MODULE_MODULE_CREATED: {
	"type": "MODULE_MODULE_CREATED",
	"payload": {
		"moduleFile": "C:/Users/PC/Desktop/Teraz powinno być si/lowgular-course-entry/src/app/services/employee.service-module.ts"
	},
	"level": "info",
	"message": "[EventBus]: Broadcasting event MODULE_MODULE_CREATED"
}
[info] [EventBus]: Broadcasted MODULE_MODULE_CREATED: {
	"event": {
		"moduleFile": "C:/Users/PC/Desktop/Teraz powinno być si/lowgular-course-entry/src/app/services/employee.service-module.ts"
	},
	"level": "info",
	"message": "[EventBus]: Broadcasted MODULE_MODULE_CREATED"
}
[info] [CommandBus]: Handled  MODULE_CREATE_MODULE: {
	"commandName": "MODULE_CREATE_MODULE",
	"payload": {
		"filePath": "C:/Users/PC/Desktop/Teraz powinno być si/lowgular-course-entry/src/app/services/employee.service.ts"
	},
	"level": "info",
	"message": "[CommandBus]: Handled  MODULE_CREATE_MODULE"
}
[info] [CommandBus]: Handled  CREATE_SERVICE: {
	"commandName": "CREATE_SERVICE",
	"payload": {
		"folderPath": "C:/Users/PC/Desktop/Teraz powinno być si/lowgular-course-entry/src/app/services",
		"name": "employee",
		"suffix": "Service"
	},
	"level": "info",
	"message": "[CommandBus]: Handled  CREATE_SERVICE"
}
[info] [CLI] Called Command service/create: {
	"message": "[CLI] Called Command service/create",
	"level": "info"
}
[info] [API] Response ok: service/create: {
	"result": {
		"filePath": "C:/Users/PC/Desktop/Teraz powinno być si/lowgular-course-entry/src/app/services/employee.service.ts"
	},
	"level": "info",
	"message": "[API] Response ok: service/create"
}
[info] [API] Request for entity/actions: {
	"action": "entity/actions",
	"params": {
		"clickedPath": "C:/Users/PC/Desktop/Teraz powinno być si/lowgular-course-entry/src/app/services/employee.service.ts",
		"position": 89
	},
	"context": {
		"workspace": {
			"rootPath": "C:/Users/PC/Desktop/Teraz powinno być si/lowgular-course-entry"
		},
		"userContext": {
			"id": "7zFsNSilXWOOlxgwZcC1Zdwcs0p1",
			"correlationId": "OnaSc4xTlM",
			"logEnvId": "development"
		}
	},
	"level": "info",
	"message": "[API] Request for entity/actions"
}
[info] [CLI] Calling Query entity/actions: {
	"funcParams": {
		"clickedPath": "C:/Users/PC/Desktop/Teraz powinno być si/lowgular-course-entry/src/app/services/employee.service.ts",
		"position": 89
	},
	"level": "info",
	"message": "[CLI] Calling Query entity/actions"
}
[info] [CLI] Called Query entity/actions: {
	"result": [
		{
			"id": "ADD_METHOD",
			"label": "Add method",
			"context": {}
		},
		{
			"id": "INJECT",
			"label": "Inject",
			"context": {}
		}
	],
	"level": "info",
	"message": "[CLI] Called Query entity/actions"
}
[info] [API] Response ok: entity/actions: {
	"result": [
		{
			"id": "ADD_METHOD",
			"label": "Add method",
			"context": {}
		},
		{
			"id": "INJECT",
			"label": "Inject",
			"context": {}
		}
	],
	"level": "info",
	"message": "[API] Response ok: entity/actions"
}
[info] [API] Request for entity/actions: {
	"action": "entity/actions",
	"params": {
		"clickedPath": "C:/Users/PC/Desktop/Teraz powinno być si/lowgular-course-entry/src/app/services/employee.service.ts",
		"position": 89
	},
	"context": {
		"workspace": {
			"rootPath": "C:/Users/PC/Desktop/Teraz powinno być si/lowgular-course-entry"
		},
		"userContext": {
			"id": "7zFsNSilXWOOlxgwZcC1Zdwcs0p1",
			"correlationId": "SWburu92LE",
			"logEnvId": "development"
		}
	},
	"level": "info",
	"message": "[API] Request for entity/actions"
}
[info] [CLI] Calling Query entity/actions: {
	"funcParams": {
		"clickedPath": "C:/Users/PC/Desktop/Teraz powinno być si/lowgular-course-entry/src/app/services/employee.service.ts",
		"position": 89
	},
	"level": "info",
	"message": "[CLI] Calling Query entity/actions"
}
[info] [CLI] Called Query entity/actions: {
	"result": [
		{
			"id": "ADD_METHOD",
			"label": "Add method",
			"context": {}
		},
		{
			"id": "INJECT",
			"label": "Inject",
			"context": {}
		}
	],
	"level": "info",
	"message": "[CLI] Called Query entity/actions"
}
[info] [API] Response ok: entity/actions: {
	"result": [
		{
			"id": "ADD_METHOD",
			"label": "Add method",
			"context": {}
		},
		{
			"id": "INJECT",
			"label": "Inject",
			"context": {}
		}
	],
	"level": "info",
	"message": "[API] Response ok: entity/actions"
}
[info] [API] Request for entity/actions: {
	"action": "entity/actions",
	"params": {
		"clickedPath": "C:/Users/PC/Desktop/Teraz powinno być si/lowgular-course-entry/src/app/services/employee.service.ts",
		"position": 89
	},
	"context": {
		"workspace": {
			"rootPath": "C:/Users/PC/Desktop/Teraz powinno być si/lowgular-course-entry"
		},
		"userContext": {
			"id": "7zFsNSilXWOOlxgwZcC1Zdwcs0p1",
			"correlationId": "YoBiLP7JH8",
			"logEnvId": "development"
		}
	},
	"level": "info",
	"message": "[API] Request for entity/actions"
}
[info] [CLI] Calling Query entity/actions: {
	"funcParams": {
		"clickedPath": "C:/Users/PC/Desktop/Teraz powinno być si/lowgular-course-entry/src/app/services/employee.service.ts",
		"position": 89
	},
	"level": "info",
	"message": "[CLI] Calling Query entity/actions"
}
[info] [CLI] Called Query entity/actions: {
	"result": [
		{
			"id": "ADD_METHOD",
			"label": "Add method",
			"context": {}
		},
		{
			"id": "INJECT",
			"label": "Inject",
			"context": {}
		}
	],
	"level": "info",
	"message": "[CLI] Called Query entity/actions"
}
[info] [API] Response ok: entity/actions: {
	"result": [
		{
			"id": "ADD_METHOD",
			"label": "Add method",
			"context": {}
		},
		{
			"id": "INJECT",
			"label": "Inject",
			"context": {}
		}
	],
	"level": "info",
	"message": "[API] Response ok: entity/actions"
}
[info] [API] Request for injectable/list: {
	"action": "injectable/list",
	"params": {
		"entityFilePath": "C:/Users/PC/Desktop/Teraz powinno być si/lowgular-course-entry/src/app/services/employee.service.ts"
	},
	"context": {
		"workspace": {
			"rootPath": "C:/Users/PC/Desktop/Teraz powinno być si/lowgular-course-entry"
		},
		"userContext": {
			"id": "7zFsNSilXWOOlxgwZcC1Zdwcs0p1",
			"correlationId": "YoBiLP7JH8",
			"logEnvId": "development"
		}
	},
	"level": "info",
	"message": "[API] Request for injectable/list"
}
[info] [CLI] Calling Query injectable/list: {
	"funcParams": {
		"entityFilePath": "C:/Users/PC/Desktop/Teraz powinno być si/lowgular-course-entry/src/app/services/employee.service.ts"
	},
	"level": "info",
	"message": "[CLI] Calling Query injectable/list"
}
[info] [CLI] Called Query injectable/list: {
	"result": [
		{
			"id": "httpClient",
			"dataType": "External",
			"name": "HttpClient",
			"relatedTypes": {}
		}
	],
	"level": "info",
	"message": "[CLI] Called Query injectable/list"
}
[info] [API] Response ok: injectable/list: {
	"result": [
		{
			"id": "httpClient",
			"dataType": "External",
			"name": "HttpClient",
			"relatedTypes": {}
		}
	],
	"level": "info",
	"message": "[API] Response ok: injectable/list"
}
[info] [API] Request for injectable/inject-external: {
	"action": "injectable/inject-external",
	"params": {
		"entityFilePath": "C:/Users/PC/Desktop/Teraz powinno być si/lowgular-course-entry/src/app/services/employee.service.ts",
		"externalId": "httpClient"
	},
	"context": {
		"workspace": {
			"rootPath": "C:/Users/PC/Desktop/Teraz powinno być si/lowgular-course-entry"
		},
		"userContext": {
			"id": "7zFsNSilXWOOlxgwZcC1Zdwcs0p1",
			"correlationId": "YoBiLP7JH8",
			"logEnvId": "development"
		}
	},
	"level": "info",
	"message": "[API] Request for injectable/inject-external"
}
[info] [CLI] Calling Command injectable/inject-external: {
	"funcParams": {
		"entityFilePath": "C:/Users/PC/Desktop/Teraz powinno być si/lowgular-course-entry/src/app/services/employee.service.ts",
		"externalId": "httpClient"
	},
	"level": "info",
	"message": "[CLI] Calling Command injectable/inject-external"
}
[info] [CommandBus]: Dispatching command INJECT_EXTERNAL_DEPENDENCY: {
	"commandName": "INJECT_EXTERNAL_DEPENDENCY",
	"payload": {
		"entityFilePath": "C:/Users/PC/Desktop/Teraz powinno być si/lowgular-course-entry/src/app/services/employee.service.ts",
		"externalType": "HttpClient",
		"genericFilePaths": []
	},
	"level": "info",
	"message": "[CommandBus]: Dispatching command INJECT_EXTERNAL_DEPENDENCY"
}
[info] [CommandBus]: Handled  INJECT_EXTERNAL_DEPENDENCY: {
	"commandName": "INJECT_EXTERNAL_DEPENDENCY",
	"payload": {
		"entityFilePath": "C:/Users/PC/Desktop/Teraz powinno być si/lowgular-course-entry/src/app/services/employee.service.ts",
		"externalType": "HttpClient",
		"genericFilePaths": []
	},
	"level": "info",
	"message": "[CommandBus]: Handled  INJECT_EXTERNAL_DEPENDENCY"
}
[info] [CLI] Called Command injectable/inject-external: {
	"message": "[CLI] Called Command injectable/inject-external",
	"level": "info"
}
[info] [API] Response ok: injectable/inject-external: {
	"result": {
		"filePath": "C:/Users/PC/Desktop/Teraz powinno być si/lowgular-course-entry/src/app/services/employee.service.ts"
	},
	"level": "info",
	"message": "[API] Response ok: injectable/inject-external"
}
[info] [API] Request for entity/actions: {
	"action": "entity/actions",
	"params": {
		"clickedPath": "C:/Users/PC/Desktop/Teraz powinno być si/lowgular-course-entry/src/app/ui/employee-faces/employee-faces.component.ts",
		"position": 619
	},
	"context": {
		"workspace": {
			"rootPath": "C:/Users/PC/Desktop/Teraz powinno być si/lowgular-course-entry"
		},
		"userContext": {
			"id": "7zFsNSilXWOOlxgwZcC1Zdwcs0p1",
			"correlationId": "QwrG4auMJj",
			"logEnvId": "development"
		}
	},
	"level": "info",
	"message": "[API] Request for entity/actions"
}
[info] [CLI] Calling Query entity/actions: {
	"funcParams": {
		"clickedPath": "C:/Users/PC/Desktop/Teraz powinno być si/lowgular-course-entry/src/app/ui/employee-faces/employee-faces.component.ts",
		"position": 619
	},
	"level": "info",
	"message": "[CLI] Calling Query entity/actions"
}
[info] [CLI] Called Query entity/actions: {
	"result": [
		{
			"id": "INJECT",
			"label": "Inject",
			"context": {}
		}
	],
	"level": "info",
	"message": "[CLI] Called Query entity/actions"
}
[info] [API] Response ok: entity/actions: {
	"result": [
		{
			"id": "INJECT",
			"label": "Inject",
			"context": {}
		}
	],
	"level": "info",
	"message": "[API] Response ok: entity/actions"
}
[info] [API] Request for injectable/list: {
	"action": "injectable/list",
	"params": {
		"entityFilePath": "C:/Users/PC/Desktop/Teraz powinno być si/lowgular-course-entry/src/app/ui/employee-faces/employee-faces.component.ts"
	},
	"context": {
		"workspace": {
			"rootPath": "C:/Users/PC/Desktop/Teraz powinno być si/lowgular-course-entry"
		},
		"userContext": {
			"id": "7zFsNSilXWOOlxgwZcC1Zdwcs0p1",
			"correlationId": "QwrG4auMJj",
			"logEnvId": "development"
		}
	},
	"level": "info",
	"message": "[API] Request for injectable/list"
}
[info] [CLI] Calling Query injectable/list: {
	"funcParams": {
		"entityFilePath": "C:/Users/PC/Desktop/Teraz powinno być si/lowgular-course-entry/src/app/ui/employee-faces/employee-faces.component.ts"
	},
	"level": "info",
	"message": "[CLI] Calling Query injectable/list"
}
[info] [CLI] Called Query injectable/list: {
	"result": [
		{
			"file": "C:/Users/PC/Desktop/Teraz powinno być si/lowgular-course-entry/src/app/services/employee.service.ts",
			"name": "EmployeeService",
			"type": "SERVICE",
			"dataType": "Internal"
		},
		{
			"id": "httpClient",
			"dataType": "External",
			"name": "HttpClient",
			"relatedTypes": {}
		}
	],
	"level": "info",
	"message": "[CLI] Called Query injectable/list"
}
[info] [API] Response ok: injectable/list: {
	"result": [
		{
			"file": "C:/Users/PC/Desktop/Teraz powinno być si/lowgular-course-entry/src/app/services/employee.service.ts",
			"name": "EmployeeService",
			"type": "SERVICE",
			"dataType": "Internal"
		},
		{
			"id": "httpClient",
			"dataType": "External",
			"name": "HttpClient",
			"relatedTypes": {}
		}
	],
	"level": "info",
	"message": "[API] Response ok: injectable/list"
}
[info] [API] Request for injectable/inject: {
	"action": "injectable/inject",
	"params": {
		"entityFilePath": "C:/Users/PC/Desktop/Teraz powinno być si/lowgular-course-entry/src/app/ui/employee-faces/employee-faces.component.ts",
		"injectingPath": "C:/Users/PC/Desktop/Teraz powinno być si/lowgular-course-entry/src/app/services/employee.service.ts",
		"type": "SERVICE"
	},
	"context": {
		"workspace": {
			"rootPath": "C:/Users/PC/Desktop/Teraz powinno być si/lowgular-course-entry"
		},
		"userContext": {
			"id": "7zFsNSilXWOOlxgwZcC1Zdwcs0p1",
			"correlationId": "QwrG4auMJj",
			"logEnvId": "development"
		}
	},
	"level": "info",
	"message": "[API] Request for injectable/inject"
}
[info] [CLI] Calling Command injectable/inject: {
	"funcParams": {
		"entityFilePath": "C:/Users/PC/Desktop/Teraz powinno być si/lowgular-course-entry/src/app/ui/employee-faces/employee-faces.component.ts",
		"injectingPath": "C:/Users/PC/Desktop/Teraz powinno być si/lowgular-course-entry/src/app/services/employee.service.ts",
		"type": "SERVICE"
	},
	"level": "info",
	"message": "[CLI] Calling Command injectable/inject"
}
[info] [CommandBus]: Dispatching command INJECT_SERVICE_DEPENDENCY: {
	"commandName": "INJECT_SERVICE_DEPENDENCY",
	"payload": {
		"entityFilePath": "C:/Users/PC/Desktop/Teraz powinno być si/lowgular-course-entry/src/app/ui/employee-faces/employee-faces.component.ts",
		"injectingFilePath": "C:/Users/PC/Desktop/Teraz powinno być si/lowgular-course-entry/src/app/services/employee.service.ts"
	},
	"level": "info",
	"message": "[CommandBus]: Dispatching command INJECT_SERVICE_DEPENDENCY"
}
[info] [CommandBus]: Handled  INJECT_SERVICE_DEPENDENCY: {
	"commandName": "INJECT_SERVICE_DEPENDENCY",
	"payload": {
		"entityFilePath": "C:/Users/PC/Desktop/Teraz powinno być si/lowgular-course-entry/src/app/ui/employee-faces/employee-faces.component.ts",
		"injectingFilePath": "C:/Users/PC/Desktop/Teraz powinno być si/lowgular-course-entry/src/app/services/employee.service.ts"
	},
	"level": "info",
	"message": "[CommandBus]: Handled  INJECT_SERVICE_DEPENDENCY"
}
[info] [CLI] Called Command injectable/inject: {
	"message": "[CLI] Called Command injectable/inject",
	"level": "info"
}
[info] [API] Response ok: injectable/inject: {
	"result": {
		"filePath": "C:/Users/PC/Desktop/Teraz powinno być si/lowgular-course-entry/src/app/ui/employee-faces/employee-faces.component.ts"
	},
	"level": "info",
	"message": "[API] Response ok: injectable/inject"
}
[info] [API] Request for entity/actions: {
	"action": "entity/actions",
	"params": {
		"clickedPath": "C:/Users/PC/Desktop/Teraz powinno być si/lowgular-course-entry/src/app/ui/employee-list/employee-list.component.ts",
		"position": 624
	},
	"context": {
		"workspace": {
			"rootPath": "C:/Users/PC/Desktop/Teraz powinno być si/lowgular-course-entry"
		},
		"userContext": {
			"id": "7zFsNSilXWOOlxgwZcC1Zdwcs0p1",
			"correlationId": "cznLK5xDD2",
			"logEnvId": "development"
		}
	},
	"level": "info",
	"message": "[API] Request for entity/actions"
}
[info] [CLI] Calling Query entity/actions: {
	"funcParams": {
		"clickedPath": "C:/Users/PC/Desktop/Teraz powinno być si/lowgular-course-entry/src/app/ui/employee-list/employee-list.component.ts",
		"position": 624
	},
	"level": "info",
	"message": "[CLI] Calling Query entity/actions"
}
[info] [CLI] Called Query entity/actions: {
	"result": [
		{
			"id": "INJECT",
			"label": "Inject",
			"context": {}
		}
	],
	"level": "info",
	"message": "[CLI] Called Query entity/actions"
}
[info] [API] Response ok: entity/actions: {
	"result": [
		{
			"id": "INJECT",
			"label": "Inject",
			"context": {}
		}
	],
	"level": "info",
	"message": "[API] Response ok: entity/actions"
}
[info] [API] Request for injectable/list: {
	"action": "injectable/list",
	"params": {
		"entityFilePath": "C:/Users/PC/Desktop/Teraz powinno być si/lowgular-course-entry/src/app/ui/employee-list/employee-list.component.ts"
	},
	"context": {
		"workspace": {
			"rootPath": "C:/Users/PC/Desktop/Teraz powinno być si/lowgular-course-entry"
		},
		"userContext": {
			"id": "7zFsNSilXWOOlxgwZcC1Zdwcs0p1",
			"correlationId": "cznLK5xDD2",
			"logEnvId": "development"
		}
	},
	"level": "info",
	"message": "[API] Request for injectable/list"
}
[info] [CLI] Calling Query injectable/list: {
	"funcParams": {
		"entityFilePath": "C:/Users/PC/Desktop/Teraz powinno być si/lowgular-course-entry/src/app/ui/employee-list/employee-list.component.ts"
	},
	"level": "info",
	"message": "[CLI] Calling Query injectable/list"
}
[info] [CLI] Called Query injectable/list: {
	"result": [
		{
			"file": "C:/Users/PC/Desktop/Teraz powinno być si/lowgular-course-entry/src/app/services/employee.service.ts",
			"name": "EmployeeService",
			"type": "SERVICE",
			"dataType": "Internal"
		},
		{
			"id": "httpClient",
			"dataType": "External",
			"name": "HttpClient",
			"relatedTypes": {}
		}
	],
	"level": "info",
	"message": "[CLI] Called Query injectable/list"
}
[info] [API] Response ok: injectable/list: {
	"result": [
		{
			"file": "C:/Users/PC/Desktop/Teraz powinno być si/lowgular-course-entry/src/app/services/employee.service.ts",
			"name": "EmployeeService",
			"type": "SERVICE",
			"dataType": "Internal"
		},
		{
			"id": "httpClient",
			"dataType": "External",
			"name": "HttpClient",
			"relatedTypes": {}
		}
	],
	"level": "info",
	"message": "[API] Response ok: injectable/list"
}
[info] [API] Request for injectable/inject: {
	"action": "injectable/inject",
	"params": {
		"entityFilePath": "C:/Users/PC/Desktop/Teraz powinno być si/lowgular-course-entry/src/app/ui/employee-list/employee-list.component.ts",
		"injectingPath": "C:/Users/PC/Desktop/Teraz powinno być si/lowgular-course-entry/src/app/services/employee.service.ts",
		"type": "SERVICE"
	},
	"context": {
		"workspace": {
			"rootPath": "C:/Users/PC/Desktop/Teraz powinno być si/lowgular-course-entry"
		},
		"userContext": {
			"id": "7zFsNSilXWOOlxgwZcC1Zdwcs0p1",
			"correlationId": "cznLK5xDD2",
			"logEnvId": "development"
		}
	},
	"level": "info",
	"message": "[API] Request for injectable/inject"
}
[info] [CLI] Calling Command injectable/inject: {
	"funcParams": {
		"entityFilePath": "C:/Users/PC/Desktop/Teraz powinno być si/lowgular-course-entry/src/app/ui/employee-list/employee-list.component.ts",
		"injectingPath": "C:/Users/PC/Desktop/Teraz powinno być si/lowgular-course-entry/src/app/services/employee.service.ts",
		"type": "SERVICE"
	},
	"level": "info",
	"message": "[CLI] Calling Command injectable/inject"
}
[info] [CommandBus]: Dispatching command INJECT_SERVICE_DEPENDENCY: {
	"commandName": "INJECT_SERVICE_DEPENDENCY",
	"payload": {
		"entityFilePath": "C:/Users/PC/Desktop/Teraz powinno być si/lowgular-course-entry/src/app/ui/employee-list/employee-list.component.ts",
		"injectingFilePath": "C:/Users/PC/Desktop/Teraz powinno być si/lowgular-course-entry/src/app/services/employee.service.ts"
	},
	"level": "info",
	"message": "[CommandBus]: Dispatching command INJECT_SERVICE_DEPENDENCY"
}
[info] [CommandBus]: Handled  INJECT_SERVICE_DEPENDENCY: {
	"commandName": "INJECT_SERVICE_DEPENDENCY",
	"payload": {
		"entityFilePath": "C:/Users/PC/Desktop/Teraz powinno być si/lowgular-course-entry/src/app/ui/employee-list/employee-list.component.ts",
		"injectingFilePath": "C:/Users/PC/Desktop/Teraz powinno być si/lowgular-course-entry/src/app/services/employee.service.ts"
	},
	"level": "info",
	"message": "[CommandBus]: Handled  INJECT_SERVICE_DEPENDENCY"
}
[info] [CLI] Called Command injectable/inject: {
	"message": "[CLI] Called Command injectable/inject",
	"level": "info"
}
[info] [API] Response ok: injectable/inject: {
	"result": {
		"filePath": "C:/Users/PC/Desktop/Teraz powinno być si/lowgular-course-entry/src/app/ui/employee-list/employee-list.component.ts"
	},
	"level": "info",
	"message": "[API] Response ok: injectable/inject"
}
[info] [API] Request for entity/actions: {
	"action": "entity/actions",
	"params": {
		"clickedPath": "C:/Users/PC/Desktop/Teraz powinno być si/lowgular-course-entry/src/app/ui/employee-faces/employee-faces.component-module.ts",
		"position": 340
	},
	"context": {
		"workspace": {
			"rootPath": "C:/Users/PC/Desktop/Teraz powinno być si/lowgular-course-entry"
		},
		"userContext": {
			"id": "7zFsNSilXWOOlxgwZcC1Zdwcs0p1",
			"correlationId": "sSDEtu2xHR",
			"logEnvId": "development"
		}
	},
	"level": "info",
	"message": "[API] Request for entity/actions"
}
[info] [CLI] Calling Query entity/actions: {
	"funcParams": {
		"clickedPath": "C:/Users/PC/Desktop/Teraz powinno być si/lowgular-course-entry/src/app/ui/employee-faces/employee-faces.component-module.ts",
		"position": 340
	},
	"level": "info",
	"message": "[CLI] Calling Query entity/actions"
}
[error] [API]: Error Entity not found for suffix: component-module: {
	"loggerData": {
		"action": "entity/actions",
		"params": {
			"clickedPath": "C:/Users/PC/Desktop/Teraz powinno być si/lowgular-course-entry/src/app/ui/employee-faces/employee-faces.component-module.ts",
			"position": 340
		},
		"context": {
			"workspace": {
				"rootPath": "C:/Users/PC/Desktop/Teraz powinno być si/lowgular-course-entry"
			},
			"userContext": {
				"id": "7zFsNSilXWOOlxgwZcC1Zdwcs0p1",
				"correlationId": "sSDEtu2xHR",
				"logEnvId": "development"
			}
		}
	},
	"error": {},
	"stack": "Error: Entity not found for suffix: component-module\n    at getEntityActions (C:\\Users\\PC\\AppData\\Roaming\\JetBrains\\WebStorm2022.2\\plugins\\LowgularJPlugin\\cli\\main.js:8904:15)\n    at async callQueryCli (C:\\Users\\PC\\AppData\\Roaming\\JetBrains\\WebStorm2022.2\\plugins\\LowgularJPlugin\\cli\\main.js:10144:20)\n    at async callHandler (C:\\Users\\PC\\AppData\\Roaming\\JetBrains\\WebStorm2022.2\\plugins\\LowgularJPlugin\\cli\\main.js:2601:27)",
	"level": "error",
	"message": "[API]: Error Entity not found for suffix: component-module"
}
[info] [API] Request for entity/actions: {
	"action": "entity/actions",
	"params": {
		"clickedPath": "C:/Users/PC/Desktop/Teraz powinno być si/lowgular-course-entry/src/app/ui/employee-faces/employee-faces.component-module.ts",
		"position": 544
	},
	"context": {
		"workspace": {
			"rootPath": "C:/Users/PC/Desktop/Teraz powinno być si/lowgular-course-entry"
		},
		"userContext": {
			"id": "7zFsNSilXWOOlxgwZcC1Zdwcs0p1",
			"correlationId": "F0nImXOL6l",
			"logEnvId": "development"
		}
	},
	"level": "info",
	"message": "[API] Request for entity/actions"
}
[info] [CLI] Calling Query entity/actions: {
	"funcParams": {
		"clickedPath": "C:/Users/PC/Desktop/Teraz powinno być si/lowgular-course-entry/src/app/ui/employee-faces/employee-faces.component-module.ts",
		"position": 544
	},
	"level": "info",
	"message": "[CLI] Calling Query entity/actions"
}
[error] [API]: Error Entity not found for suffix: component-module: {
	"loggerData": {
		"action": "entity/actions",
		"params": {
			"clickedPath": "C:/Users/PC/Desktop/Teraz powinno być si/lowgular-course-entry/src/app/ui/employee-faces/employee-faces.component-module.ts",
			"position": 544
		},
		"context": {
			"workspace": {
				"rootPath": "C:/Users/PC/Desktop/Teraz powinno być si/lowgular-course-entry"
			},
			"userContext": {
				"id": "7zFsNSilXWOOlxgwZcC1Zdwcs0p1",
				"correlationId": "F0nImXOL6l",
				"logEnvId": "development"
			}
		}
	},
	"error": {},
	"stack": "Error: Entity not found for suffix: component-module\n    at getEntityActions (C:\\Users\\PC\\AppData\\Roaming\\JetBrains\\WebStorm2022.2\\plugins\\LowgularJPlugin\\cli\\main.js:8904:15)\n    at async callQueryCli (C:\\Users\\PC\\AppData\\Roaming\\JetBrains\\WebStorm2022.2\\plugins\\LowgularJPlugin\\cli\\main.js:10144:20)\n    at async callHandler (C:\\Users\\PC\\AppData\\Roaming\\JetBrains\\WebStorm2022.2\\plugins\\LowgularJPlugin\\cli\\main.js:2601:27)",
	"level": "error",
	"message": "[API]: Error Entity not found for suffix: component-module"
}
[info] [API] Request for entity/actions: {
	"action": "entity/actions",
	"params": {
		"clickedPath": "C:/Users/PC/Desktop/Teraz powinno być si/lowgular-course-entry/src/app/ui/employee-faces/employee-faces.component-module.ts",
		"position": 431
	},
	"context": {
		"workspace": {
			"rootPath": "C:/Users/PC/Desktop/Teraz powinno być si/lowgular-course-entry"
		},
		"userContext": {
			"id": "7zFsNSilXWOOlxgwZcC1Zdwcs0p1",
			"correlationId": "n9awLhBg74",
			"logEnvId": "development"
		}
	},
	"level": "info",
	"message": "[API] Request for entity/actions"
}
[info] [CLI] Calling Query entity/actions: {
	"funcParams": {
		"clickedPath": "C:/Users/PC/Desktop/Teraz powinno być si/lowgular-course-entry/src/app/ui/employee-faces/employee-faces.component-module.ts",
		"position": 431
	},
	"level": "info",
	"message": "[CLI] Calling Query entity/actions"
}
[error] [API]: Error Entity not found for suffix: component-module: {
	"loggerData": {
		"action": "entity/actions",
		"params": {
			"clickedPath": "C:/Users/PC/Desktop/Teraz powinno być si/lowgular-course-entry/src/app/ui/employee-faces/employee-faces.component-module.ts",
			"position": 431
		},
		"context": {
			"workspace": {
				"rootPath": "C:/Users/PC/Desktop/Teraz powinno być si/lowgular-course-entry"
			},
			"userContext": {
				"id": "7zFsNSilXWOOlxgwZcC1Zdwcs0p1",
				"correlationId": "n9awLhBg74",
				"logEnvId": "development"
			}
		}
	},
	"error": {},
	"stack": "Error: Entity not found for suffix: component-module\n    at getEntityActions (C:\\Users\\PC\\AppData\\Roaming\\JetBrains\\WebStorm2022.2\\plugins\\LowgularJPlugin\\cli\\main.js:8904:15)\n    at async callQueryCli (C:\\Users\\PC\\AppData\\Roaming\\JetBrains\\WebStorm2022.2\\plugins\\LowgularJPlugin\\cli\\main.js:10144:20)\n    at async callHandler (C:\\Users\\PC\\AppData\\Roaming\\JetBrains\\WebStorm2022.2\\plugins\\LowgularJPlugin\\cli\\main.js:2601:27)",
	"level": "error",
	"message": "[API]: Error Entity not found for suffix: component-module"
}
[info] [API] Request for entity/actions: {
	"action": "entity/actions",
	"params": {
		"clickedPath": "C:/Users/PC/Desktop/Teraz powinno być si/lowgular-course-entry/src/app/services/employee.service-module.ts",
		"position": 229
	},
	"context": {
		"workspace": {
			"rootPath": "C:/Users/PC/Desktop/Teraz powinno być si/lowgular-course-entry"
		},
		"userContext": {
			"id": "7zFsNSilXWOOlxgwZcC1Zdwcs0p1",
			"correlationId": "KHmEAZBLZ5",
			"logEnvId": "development"
		}
	},
	"level": "info",
	"message": "[API] Request for entity/actions"
}
[info] [CLI] Calling Query entity/actions: {
	"funcParams": {
		"clickedPath": "C:/Users/PC/Desktop/Teraz powinno być si/lowgular-course-entry/src/app/services/employee.service-module.ts",
		"position": 229
	},
	"level": "info",
	"message": "[CLI] Calling Query entity/actions"
}
[error] [API]: Error Entity not found for suffix: service-module: {
	"loggerData": {
		"action": "entity/actions",
		"params": {
			"clickedPath": "C:/Users/PC/Desktop/Teraz powinno być si/lowgular-course-entry/src/app/services/employee.service-module.ts",
			"position": 229
		},
		"context": {
			"workspace": {
				"rootPath": "C:/Users/PC/Desktop/Teraz powinno być si/lowgular-course-entry"
			},
			"userContext": {
				"id": "7zFsNSilXWOOlxgwZcC1Zdwcs0p1",
				"correlationId": "KHmEAZBLZ5",
				"logEnvId": "development"
			}
		}
	},
	"error": {},
	"stack": "Error: Entity not found for suffix: service-module\n    at getEntityActions (C:\\Users\\PC\\AppData\\Roaming\\JetBrains\\WebStorm2022.2\\plugins\\LowgularJPlugin\\cli\\main.js:8904:15)\n    at async callQueryCli (C:\\Users\\PC\\AppData\\Roaming\\JetBrains\\WebStorm2022.2\\plugins\\LowgularJPlugin\\cli\\main.js:10144:20)\n    at async callHandler (C:\\Users\\PC\\AppData\\Roaming\\JetBrains\\WebStorm2022.2\\plugins\\LowgularJPlugin\\cli\\main.js:2601:27)",
	"level": "error",
	"message": "[API]: Error Entity not found for suffix: service-module"
}
[info] [API] Request for entity/actions: {
	"action": "entity/actions",
	"params": {
		"clickedPath": "C:/Users/PC/Desktop/Teraz powinno być si/lowgular-course-entry/src/app/services/employee.service-module.ts",
		"position": 229
	},
	"context": {
		"workspace": {
			"rootPath": "C:/Users/PC/Desktop/Teraz powinno być si/lowgular-course-entry"
		},
		"userContext": {
			"id": "7zFsNSilXWOOlxgwZcC1Zdwcs0p1",
			"correlationId": "sd__R2RSkI",
			"logEnvId": "development"
		}
	},
	"level": "info",
	"message": "[API] Request for entity/actions"
}
[info] [CLI] Calling Query entity/actions: {
	"funcParams": {
		"clickedPath": "C:/Users/PC/Desktop/Teraz powinno być si/lowgular-course-entry/src/app/services/employee.service-module.ts",
		"position": 229
	},
	"level": "info",
	"message": "[CLI] Calling Query entity/actions"
}
[error] [API]: Error Entity not found for suffix: service-module: {
	"loggerData": {
		"action": "entity/actions",
		"params": {
			"clickedPath": "C:/Users/PC/Desktop/Teraz powinno być si/lowgular-course-entry/src/app/services/employee.service-module.ts",
			"position": 229
		},
		"context": {
			"workspace": {
				"rootPath": "C:/Users/PC/Desktop/Teraz powinno być si/lowgular-course-entry"
			},
			"userContext": {
				"id": "7zFsNSilXWOOlxgwZcC1Zdwcs0p1",
				"correlationId": "sd__R2RSkI",
				"logEnvId": "development"
			}
		}
	},
	"error": {},
	"stack": "Error: Entity not found for suffix: service-module\n    at getEntityActions (C:\\Users\\PC\\AppData\\Roaming\\JetBrains\\WebStorm2022.2\\plugins\\LowgularJPlugin\\cli\\main.js:8904:15)\n    at async callQueryCli (C:\\Users\\PC\\AppData\\Roaming\\JetBrains\\WebStorm2022.2\\plugins\\LowgularJPlugin\\cli\\main.js:10144:20)\n    at async callHandler (C:\\Users\\PC\\AppData\\Roaming\\JetBrains\\WebStorm2022.2\\plugins\\LowgularJPlugin\\cli\\main.js:2601:27)",
	"level": "error",
	"message": "[API]: Error Entity not found for suffix: service-module"
}
[info] [API] Request for projects/list: {
	"action": "projects/list",
	"params": {
		"clickedPath": "C:/Users/PC/Desktop/Teraz powinno być si/lowgular-course-entry/src"
	},
	"context": {
		"workspace": {
			"rootPath": "C:/Users/PC/Desktop/Teraz powinno być si/lowgular-course-entry"
		},
		"userContext": {
			"id": "7zFsNSilXWOOlxgwZcC1Zdwcs0p1",
			"correlationId": "lUnNo8jaVd",
			"logEnvId": "development"
		}
	},
	"level": "info",
	"message": "[API] Request for projects/list"
}
[info] [CLI] Calling Query projects/list: {
	"funcParams": {
		"clickedPath": "C:/Users/PC/Desktop/Teraz powinno być si/lowgular-course-entry/src"
	},
	"level": "info",
	"message": "[CLI] Calling Query projects/list"
}
[info] [CLI] Called Query projects/list: {
	"result": {
		"clickedProject": {
			"name": "lowgular-course-entry",
			"path": "C:/Users/PC/Desktop/Teraz powinno być si/lowgular-course-entry/src/app"
		},
		"otherProjects": []
	},
	"level": "info",
	"message": "[CLI] Called Query projects/list"
}
[info] [API] Response ok: projects/list: {
	"result": {
		"clickedProject": {
			"name": "lowgular-course-entry",
			"path": "C:/Users/PC/Desktop/Teraz powinno być si/lowgular-course-entry/src/app"
		},
		"otherProjects": []
	},
	"level": "info",
	"message": "[API] Response ok: projects/list"
}
[info] [API] Request for entity/list: {
	"action": "entity/list",
	"params": {
		"clickedPath": "C:/Users/PC/Desktop/Teraz powinno być si/lowgular-course-entry/src/app"
	},
	"context": {
		"workspace": {
			"rootPath": "C:/Users/PC/Desktop/Teraz powinno być si/lowgular-course-entry"
		},
		"userContext": {
			"id": "7zFsNSilXWOOlxgwZcC1Zdwcs0p1",
			"correlationId": "lUnNo8jaVd",
			"logEnvId": "development"
		}
	},
	"level": "info",
	"message": "[API] Request for entity/list"
}
[info] [CLI] Calling Query entity/list: {
	"funcParams": {
		"clickedPath": "C:/Users/PC/Desktop/Teraz powinno być si/lowgular-course-entry/src/app"
	},
	"level": "info",
	"message": "[CLI] Calling Query entity/list"
}
[info] [CLI] Called Query entity/list: {
	"result": [
		{
			"id": "component",
			"type": "ANGULAR_COMPONENT",
			"suffix": "Component",
			"folder": "ui/$name$",
			"insideOf": "App",
			"config": {
				"stylesExtension": "none",
				"viewEncapsulation": "Emulated",
				"selector": "generated",
				"changeDetectionStrategy": "OnPush"
			}
		},
		{
			"id": "dataService",
			"type": "SERVICE",
			"suffix": "Service",
			"folder": "services",
			"insideOf": "App"
		},
		{
			"id": "model",
			"type": "DATA_STRUCTURE",
			"suffix": "Model",
			"folder": "model",
			"insideOf": "App"
		},
		{
			"id": "response",
			"type": "DATA_STRUCTURE",
			"suffix": "Response",
			"folder": "services",
			"insideOf": "App"
		}
	],
	"level": "info",
	"message": "[CLI] Called Query entity/list"
}
[info] [API] Response ok: entity/list: {
	"result": [
		{
			"id": "component",
			"type": "ANGULAR_COMPONENT",
			"suffix": "Component",
			"folder": "ui/$name$",
			"insideOf": "App",
			"config": {
				"stylesExtension": "none",
				"viewEncapsulation": "Emulated",
				"selector": "generated",
				"changeDetectionStrategy": "OnPush"
			}
		},
		{
			"id": "dataService",
			"type": "SERVICE",
			"suffix": "Service",
			"folder": "services",
			"insideOf": "App"
		},
		{
			"id": "model",
			"type": "DATA_STRUCTURE",
			"suffix": "Model",
			"folder": "model",
			"insideOf": "App"
		},
		{
			"id": "response",
			"type": "DATA_STRUCTURE",
			"suffix": "Response",
			"folder": "services",
			"insideOf": "App"
		}
	],
	"level": "info",
	"message": "[API] Response ok: entity/list"
}
[info] [API] Request for service/create: {
	"action": "service/create",
	"params": {
		"name": "service-arch",
		"clickedPath": "C:/Users/PC/Desktop/Teraz powinno być si/lowgular-course-entry/src",
		"entityId": "dataService"
	},
	"context": {
		"workspace": {
			"rootPath": "C:/Users/PC/Desktop/Teraz powinno być si/lowgular-course-entry"
		},
		"userContext": {
			"id": "7zFsNSilXWOOlxgwZcC1Zdwcs0p1",
			"correlationId": "lUnNo8jaVd",
			"logEnvId": "development"
		}
	},
	"level": "info",
	"message": "[API] Request for service/create"
}
[info] [CLI] Calling Command service/create: {
	"funcParams": {
		"name": "service-arch",
		"clickedPath": "C:/Users/PC/Desktop/Teraz powinno być si/lowgular-course-entry/src",
		"entityId": "dataService"
	},
	"level": "info",
	"message": "[CLI] Calling Command service/create"
}
[info] [CommandBus]: Dispatching command CREATE_SERVICE: {
	"commandName": "CREATE_SERVICE",
	"payload": {
		"folderPath": "C:/Users/PC/Desktop/Teraz powinno być si/lowgular-course-entry/src/app/services",
		"name": "service-arch",
		"suffix": "Service"
	},
	"level": "info",
	"message": "[CommandBus]: Dispatching command CREATE_SERVICE"
}
[info] [EventBus]: Broadcasting event SERVICE_CREATED: {
	"type": "SERVICE_CREATED",
	"payload": {
		"createdFile": "C:/Users/PC/Desktop/Teraz powinno być si/lowgular-course-entry/src/app/services/service-arch.service.ts"
	},
	"level": "info",
	"message": "[EventBus]: Broadcasting event SERVICE_CREATED"
}
[info] [CommandBus]: Dispatching command MODULE_CREATE_MODULE: {
	"commandName": "MODULE_CREATE_MODULE",
	"payload": {
		"filePath": "C:/Users/PC/Desktop/Teraz powinno być si/lowgular-course-entry/src/app/services/service-arch.service.ts"
	},
	"level": "info",
	"message": "[CommandBus]: Dispatching command MODULE_CREATE_MODULE"
}
[info] [EventBus]: Broadcasted SERVICE_CREATED: {
	"event": {
		"createdFile": "C:/Users/PC/Desktop/Teraz powinno być si/lowgular-course-entry/src/app/services/service-arch.service.ts"
	},
	"level": "info",
	"message": "[EventBus]: Broadcasted SERVICE_CREATED"
}
[info] [EventBus]: Broadcasting event MODULE_MODULE_CREATED: {
	"type": "MODULE_MODULE_CREATED",
	"payload": {
		"moduleFile": "C:/Users/PC/Desktop/Teraz powinno być si/lowgular-course-entry/src/app/services/service-arch.service-module.ts"
	},
	"level": "info",
	"message": "[EventBus]: Broadcasting event MODULE_MODULE_CREATED"
}
[info] [EventBus]: Broadcasted MODULE_MODULE_CREATED: {
	"event": {
		"moduleFile": "C:/Users/PC/Desktop/Teraz powinno być si/lowgular-course-entry/src/app/services/service-arch.service-module.ts"
	},
	"level": "info",
	"message": "[EventBus]: Broadcasted MODULE_MODULE_CREATED"
}
[info] [CommandBus]: Handled  MODULE_CREATE_MODULE: {
	"commandName": "MODULE_CREATE_MODULE",
	"payload": {
		"filePath": "C:/Users/PC/Desktop/Teraz powinno być si/lowgular-course-entry/src/app/services/service-arch.service.ts"
	},
	"level": "info",
	"message": "[CommandBus]: Handled  MODULE_CREATE_MODULE"
}
[info] [CommandBus]: Handled  CREATE_SERVICE: {
	"commandName": "CREATE_SERVICE",
	"payload": {
		"folderPath": "C:/Users/PC/Desktop/Teraz powinno być si/lowgular-course-entry/src/app/services",
		"name": "service-arch",
		"suffix": "Service"
	},
	"level": "info",
	"message": "[CommandBus]: Handled  CREATE_SERVICE"
}
[info] [CLI] Called Command service/create: {
	"message": "[CLI] Called Command service/create",
	"level": "info"
}
[info] [API] Response ok: service/create: {
	"result": {
		"filePath": "C:/Users/PC/Desktop/Teraz powinno być si/lowgular-course-entry/src/app/services/service-arch.service.ts"
	},
	"level": "info",
	"message": "[API] Response ok: service/create"
}
[info] [API] Request for entity/actions: {
	"action": "entity/actions",
	"params": {
		"clickedPath": "C:/Users/PC/Desktop/Teraz powinno być si/lowgular-course-entry/src/app/services/service-arch.service.ts",
		"position": 92
	},
	"context": {
		"workspace": {
			"rootPath": "C:/Users/PC/Desktop/Teraz powinno być si/lowgular-course-entry"
		},
		"userContext": {
			"id": "7zFsNSilXWOOlxgwZcC1Zdwcs0p1",
			"correlationId": "T9FZzHwlw1",
			"logEnvId": "development"
		}
	},
	"level": "info",
	"message": "[API] Request for entity/actions"
}
[info] [CLI] Calling Query entity/actions: {
	"funcParams": {
		"clickedPath": "C:/Users/PC/Desktop/Teraz powinno być si/lowgular-course-entry/src/app/services/service-arch.service.ts",
		"position": 92
	},
	"level": "info",
	"message": "[CLI] Calling Query entity/actions"
}
[info] [CLI] Called Query entity/actions: {
	"result": [
		{
			"id": "ADD_METHOD",
			"label": "Add method",
			"context": {}
		},
		{
			"id": "INJECT",
			"label": "Inject",
			"context": {}
		}
	],
	"level": "info",
	"message": "[CLI] Called Query entity/actions"
}
[info] [API] Response ok: entity/actions: {
	"result": [
		{
			"id": "ADD_METHOD",
			"label": "Add method",
			"context": {}
		},
		{
			"id": "INJECT",
			"label": "Inject",
			"context": {}
		}
	],
	"level": "info",
	"message": "[API] Response ok: entity/actions"
}
[info] [API] Request for entity/actions: {
	"action": "entity/actions",
	"params": {
		"clickedPath": "C:/Users/PC/Desktop/Teraz powinno być si/lowgular-course-entry/src/app/services/service-arch.service.ts",
		"position": 92
	},
	"context": {
		"workspace": {
			"rootPath": "C:/Users/PC/Desktop/Teraz powinno być si/lowgular-course-entry"
		},
		"userContext": {
			"id": "7zFsNSilXWOOlxgwZcC1Zdwcs0p1",
			"correlationId": "Pj5PfWOXB8",
			"logEnvId": "development"
		}
	},
	"level": "info",
	"message": "[API] Request for entity/actions"
}
[info] [CLI] Calling Query entity/actions: {
	"funcParams": {
		"clickedPath": "C:/Users/PC/Desktop/Teraz powinno być si/lowgular-course-entry/src/app/services/service-arch.service.ts",
		"position": 92
	},
	"level": "info",
	"message": "[CLI] Calling Query entity/actions"
}
[info] [CLI] Called Query entity/actions: {
	"result": [
		{
			"id": "ADD_METHOD",
			"label": "Add method",
			"context": {}
		},
		{
			"id": "INJECT",
			"label": "Inject",
			"context": {}
		}
	],
	"level": "info",
	"message": "[CLI] Called Query entity/actions"
}
[info] [API] Response ok: entity/actions: {
	"result": [
		{
			"id": "ADD_METHOD",
			"label": "Add method",
			"context": {}
		},
		{
			"id": "INJECT",
			"label": "Inject",
			"context": {}
		}
	],
	"level": "info",
	"message": "[API] Response ok: entity/actions"
}
[info] [API] Request for entity/actions: {
	"action": "entity/actions",
	"params": {
		"clickedPath": "C:/Users/PC/Desktop/Teraz powinno być si/lowgular-course-entry/src/app/services/service-arch.service.ts",
		"position": 92
	},
	"context": {
		"workspace": {
			"rootPath": "C:/Users/PC/Desktop/Teraz powinno być si/lowgular-course-entry"
		},
		"userContext": {
			"id": "7zFsNSilXWOOlxgwZcC1Zdwcs0p1",
			"correlationId": "csiBKomyH1",
			"logEnvId": "development"
		}
	},
	"level": "info",
	"message": "[API] Request for entity/actions"
}
[info] [CLI] Calling Query entity/actions: {
	"funcParams": {
		"clickedPath": "C:/Users/PC/Desktop/Teraz powinno być si/lowgular-course-entry/src/app/services/service-arch.service.ts",
		"position": 92
	},
	"level": "info",
	"message": "[CLI] Calling Query entity/actions"
}
[info] [CLI] Called Query entity/actions: {
	"result": [
		{
			"id": "ADD_METHOD",
			"label": "Add method",
			"context": {}
		},
		{
			"id": "INJECT",
			"label": "Inject",
			"context": {}
		}
	],
	"level": "info",
	"message": "[CLI] Called Query entity/actions"
}
[info] [API] Response ok: entity/actions: {
	"result": [
		{
			"id": "ADD_METHOD",
			"label": "Add method",
			"context": {}
		},
		{
			"id": "INJECT",
			"label": "Inject",
			"context": {}
		}
	],
	"level": "info",
	"message": "[API] Response ok: entity/actions"
}
[info] [API] Request for injectable/list: {
	"action": "injectable/list",
	"params": {
		"entityFilePath": "C:/Users/PC/Desktop/Teraz powinno być si/lowgular-course-entry/src/app/services/service-arch.service.ts"
	},
	"context": {
		"workspace": {
			"rootPath": "C:/Users/PC/Desktop/Teraz powinno być si/lowgular-course-entry"
		},
		"userContext": {
			"id": "7zFsNSilXWOOlxgwZcC1Zdwcs0p1",
			"correlationId": "csiBKomyH1",
			"logEnvId": "development"
		}
	},
	"level": "info",
	"message": "[API] Request for injectable/list"
}
[info] [CLI] Calling Query injectable/list: {
	"funcParams": {
		"entityFilePath": "C:/Users/PC/Desktop/Teraz powinno być si/lowgular-course-entry/src/app/services/service-arch.service.ts"
	},
	"level": "info",
	"message": "[CLI] Calling Query injectable/list"
}
[info] [CLI] Called Query injectable/list: {
	"result": [
		{
			"id": "httpClient",
			"dataType": "External",
			"name": "HttpClient",
			"relatedTypes": {}
		}
	],
	"level": "info",
	"message": "[CLI] Called Query injectable/list"
}
[info] [API] Response ok: injectable/list: {
	"result": [
		{
			"id": "httpClient",
			"dataType": "External",
			"name": "HttpClient",
			"relatedTypes": {}
		}
	],
	"level": "info",
	"message": "[API] Response ok: injectable/list"
}
[info] [API] Request for injectable/inject-external: {
	"action": "injectable/inject-external",
	"params": {
		"entityFilePath": "C:/Users/PC/Desktop/Teraz powinno być si/lowgular-course-entry/src/app/services/service-arch.service.ts",
		"externalId": "httpClient"
	},
	"context": {
		"workspace": {
			"rootPath": "C:/Users/PC/Desktop/Teraz powinno być si/lowgular-course-entry"
		},
		"userContext": {
			"id": "7zFsNSilXWOOlxgwZcC1Zdwcs0p1",
			"correlationId": "csiBKomyH1",
			"logEnvId": "development"
		}
	},
	"level": "info",
	"message": "[API] Request for injectable/inject-external"
}
[info] [CLI] Calling Command injectable/inject-external: {
	"funcParams": {
		"entityFilePath": "C:/Users/PC/Desktop/Teraz powinno być si/lowgular-course-entry/src/app/services/service-arch.service.ts",
		"externalId": "httpClient"
	},
	"level": "info",
	"message": "[CLI] Calling Command injectable/inject-external"
}
[info] [CommandBus]: Dispatching command INJECT_EXTERNAL_DEPENDENCY: {
	"commandName": "INJECT_EXTERNAL_DEPENDENCY",
	"payload": {
		"entityFilePath": "C:/Users/PC/Desktop/Teraz powinno być si/lowgular-course-entry/src/app/services/service-arch.service.ts",
		"externalType": "HttpClient",
		"genericFilePaths": []
	},
	"level": "info",
	"message": "[CommandBus]: Dispatching command INJECT_EXTERNAL_DEPENDENCY"
}
[info] [CommandBus]: Handled  INJECT_EXTERNAL_DEPENDENCY: {
	"commandName": "INJECT_EXTERNAL_DEPENDENCY",
	"payload": {
		"entityFilePath": "C:/Users/PC/Desktop/Teraz powinno być si/lowgular-course-entry/src/app/services/service-arch.service.ts",
		"externalType": "HttpClient",
		"genericFilePaths": []
	},
	"level": "info",
	"message": "[CommandBus]: Handled  INJECT_EXTERNAL_DEPENDENCY"
}
[info] [CLI] Called Command injectable/inject-external: {
	"message": "[CLI] Called Command injectable/inject-external",
	"level": "info"
}
[info] [API] Response ok: injectable/inject-external: {
	"result": {
		"filePath": "C:/Users/PC/Desktop/Teraz powinno być si/lowgular-course-entry/src/app/services/service-arch.service.ts"
	},
	"level": "info",
	"message": "[API] Response ok: injectable/inject-external"
}
[info] [API] Request for entity/actions: {
	"action": "entity/actions",
	"params": {
		"clickedPath": "C:/Users/PC/Desktop/Teraz powinno być si/lowgular-course-entry/src/app/services/service-arch.service.ts",
		"position": 280
	},
	"context": {
		"workspace": {
			"rootPath": "C:/Users/PC/Desktop/Teraz powinno być si/lowgular-course-entry"
		},
		"userContext": {
			"id": "7zFsNSilXWOOlxgwZcC1Zdwcs0p1",
			"correlationId": "VgSAJ9Hy8q",
			"logEnvId": "development"
		}
	},
	"level": "info",
	"message": "[API] Request for entity/actions"
}
[info] [CLI] Calling Query entity/actions: {
	"funcParams": {
		"clickedPath": "C:/Users/PC/Desktop/Teraz powinno być si/lowgular-course-entry/src/app/services/service-arch.service.ts",
		"position": 280
	},
	"level": "info",
	"message": "[CLI] Calling Query entity/actions"
}
[info] [API] Response ok: entity/actions: {
	"result": [
		{
			"id": "ADD_METHOD",
			"label": "Add method",
			"context": {}
		},
		{
			"id": "INJECT",
			"label": "Inject",
			"context": {}
		}
	],
	"level": "info",
	"message": "[API] Response ok: entity/actions"
}
[info] [CLI] Called Query entity/actions: {
	"result": [
		{
			"id": "ADD_METHOD",
			"label": "Add method",
			"context": {}
		},
		{
			"id": "INJECT",
			"label": "Inject",
			"context": {}
		}
	],
	"level": "info",
	"message": "[CLI] Called Query entity/actions"
}
[info] [API] Request for injectable/list: {
	"action": "injectable/list",
	"params": {
		"entityFilePath": "C:/Users/PC/Desktop/Teraz powinno być si/lowgular-course-entry/src/app/services/service-arch.service.ts"
	},
	"context": {
		"workspace": {
			"rootPath": "C:/Users/PC/Desktop/Teraz powinno być si/lowgular-course-entry"
		},
		"userContext": {
			"id": "7zFsNSilXWOOlxgwZcC1Zdwcs0p1",
			"correlationId": "VgSAJ9Hy8q",
			"logEnvId": "development"
		}
	},
	"level": "info",
	"message": "[API] Request for injectable/list"
}
[info] [CLI] Calling Query injectable/list: {
	"funcParams": {
		"entityFilePath": "C:/Users/PC/Desktop/Teraz powinno być si/lowgular-course-entry/src/app/services/service-arch.service.ts"
	},
	"level": "info",
	"message": "[CLI] Calling Query injectable/list"
}
[info] [CLI] Called Query injectable/list: {
	"result": [
		{
			"id": "httpClient",
			"dataType": "External",
			"name": "HttpClient",
			"relatedTypes": {}
		}
	],
	"level": "info",
	"message": "[CLI] Called Query injectable/list"
}
[info] [API] Response ok: injectable/list: {
	"result": [
		{
			"id": "httpClient",
			"dataType": "External",
			"name": "HttpClient",
			"relatedTypes": {}
		}
	],
	"level": "info",
	"message": "[API] Response ok: injectable/list"
}
[info] [API] Request for entity/actions: {
	"action": "entity/actions",
	"params": {
		"clickedPath": "C:/Users/PC/Desktop/Teraz powinno być si/lowgular-course-entry/src/app/services/service-arch.service.ts",
		"position": 280
	},
	"context": {
		"workspace": {
			"rootPath": "C:/Users/PC/Desktop/Teraz powinno być si/lowgular-course-entry"
		},
		"userContext": {
			"id": "7zFsNSilXWOOlxgwZcC1Zdwcs0p1",
			"correlationId": "sHMOt-laTr",
			"logEnvId": "development"
		}
	},
	"level": "info",
	"message": "[API] Request for entity/actions"
}
[info] [CLI] Calling Query entity/actions: {
	"funcParams": {
		"clickedPath": "C:/Users/PC/Desktop/Teraz powinno być si/lowgular-course-entry/src/app/services/service-arch.service.ts",
		"position": 280
	},
	"level": "info",
	"message": "[CLI] Calling Query entity/actions"
}
[info] [CLI] Called Query entity/actions: {
	"result": [
		{
			"id": "ADD_METHOD",
			"label": "Add method",
			"context": {}
		},
		{
			"id": "INJECT",
			"label": "Inject",
			"context": {}
		}
	],
	"level": "info",
	"message": "[CLI] Called Query entity/actions"
}
[info] [API] Response ok: entity/actions: {
	"result": [
		{
			"id": "ADD_METHOD",
			"label": "Add method",
			"context": {}
		},
		{
			"id": "INJECT",
			"label": "Inject",
			"context": {}
		}
	],
	"level": "info",
	"message": "[API] Response ok: entity/actions"
}
[info] [API] Request for injectable/list: {
	"action": "injectable/list",
	"params": {
		"entityFilePath": "C:/Users/PC/Desktop/Teraz powinno być si/lowgular-course-entry/src/app/services/service-arch.service.ts"
	},
	"context": {
		"workspace": {
			"rootPath": "C:/Users/PC/Desktop/Teraz powinno być si/lowgular-course-entry"
		},
		"userContext": {
			"id": "7zFsNSilXWOOlxgwZcC1Zdwcs0p1",
			"correlationId": "sHMOt-laTr",
			"logEnvId": "development"
		}
	},
	"level": "info",
	"message": "[API] Request for injectable/list"
}
[info] [CLI] Calling Query injectable/list: {
	"funcParams": {
		"entityFilePath": "C:/Users/PC/Desktop/Teraz powinno być si/lowgular-course-entry/src/app/services/service-arch.service.ts"
	},
	"level": "info",
	"message": "[CLI] Calling Query injectable/list"
}
[info] [CLI] Called Query injectable/list: {
	"result": [
		{
			"id": "httpClient",
			"dataType": "External",
			"name": "HttpClient",
			"relatedTypes": {}
		}
	],
	"level": "info",
	"message": "[CLI] Called Query injectable/list"
}
[info] [API] Response ok: injectable/list: {
	"result": [
		{
			"id": "httpClient",
			"dataType": "External",
			"name": "HttpClient",
			"relatedTypes": {}
		}
	],
	"level": "info",
	"message": "[API] Response ok: injectable/list"
}
[info] [API] Request for entity/actions: {
	"action": "entity/actions",
	"params": {
		"clickedPath": "C:/Users/PC/Desktop/Teraz powinno być si/lowgular-course-entry/src/app/services/service-arch.service.ts",
		"position": 261
	},
	"context": {
		"workspace": {
			"rootPath": "C:/Users/PC/Desktop/Teraz powinno być si/lowgular-course-entry"
		},
		"userContext": {
			"id": "7zFsNSilXWOOlxgwZcC1Zdwcs0p1",
			"correlationId": "qM07aqseCb",
			"logEnvId": "development"
		}
	},
	"level": "info",
	"message": "[API] Request for entity/actions"
}
[info] [CLI] Calling Query entity/actions: {
	"funcParams": {
		"clickedPath": "C:/Users/PC/Desktop/Teraz powinno być si/lowgular-course-entry/src/app/services/service-arch.service.ts",
		"position": 261
	},
	"level": "info",
	"message": "[CLI] Calling Query entity/actions"
}
[info] [CLI] Called Query entity/actions: {
	"result": [
		{
			"id": "ADD_METHOD",
			"label": "Add method",
			"context": {}
		},
		{
			"id": "INJECT",
			"label": "Inject",
			"context": {}
		}
	],
	"level": "info",
	"message": "[CLI] Called Query entity/actions"
}
[info] [API] Response ok: entity/actions: {
	"result": [
		{
			"id": "ADD_METHOD",
			"label": "Add method",
			"context": {}
		},
		{
			"id": "INJECT",
			"label": "Inject",
			"context": {}
		}
	],
	"level": "info",
	"message": "[API] Response ok: entity/actions"
}
[info] [API] Request for injectable/list: {
	"action": "injectable/list",
	"params": {
		"entityFilePath": "C:/Users/PC/Desktop/Teraz powinno być si/lowgular-course-entry/src/app/services/service-arch.service.ts"
	},
	"context": {
		"workspace": {
			"rootPath": "C:/Users/PC/Desktop/Teraz powinno być si/lowgular-course-entry"
		},
		"userContext": {
			"id": "7zFsNSilXWOOlxgwZcC1Zdwcs0p1",
			"correlationId": "qM07aqseCb",
			"logEnvId": "development"
		}
	},
	"level": "info",
	"message": "[API] Request for injectable/list"
}
[info] [CLI] Calling Query injectable/list: {
	"funcParams": {
		"entityFilePath": "C:/Users/PC/Desktop/Teraz powinno być si/lowgular-course-entry/src/app/services/service-arch.service.ts"
	},
	"level": "info",
	"message": "[CLI] Calling Query injectable/list"
}
[info] [CLI] Called Query injectable/list: {
	"result": [
		{
			"id": "httpClient",
			"dataType": "External",
			"name": "HttpClient",
			"relatedTypes": {}
		}
	],
	"level": "info",
	"message": "[CLI] Called Query injectable/list"
}
[info] [API] Response ok: injectable/list: {
	"result": [
		{
			"id": "httpClient",
			"dataType": "External",
			"name": "HttpClient",
			"relatedTypes": {}
		}
	],
	"level": "info",
	"message": "[API] Response ok: injectable/list"
}
[info] [API] Request for entity/actions: {
	"action": "entity/actions",
	"params": {
		"clickedPath": "C:/Users/PC/Desktop/Teraz powinno być si/lowgular-course-entry/src/app/ui/employee-faces/employee-faces.component.ts",
		"position": 697
	},
	"context": {
		"workspace": {
			"rootPath": "C:/Users/PC/Desktop/Teraz powinno być si/lowgular-course-entry"
		},
		"userContext": {
			"id": "7zFsNSilXWOOlxgwZcC1Zdwcs0p1",
			"correlationId": "yIgVORhFwh",
			"logEnvId": "development"
		}
	},
	"level": "info",
	"message": "[API] Request for entity/actions"
}
[info] [CLI] Calling Query entity/actions: {
	"funcParams": {
		"clickedPath": "C:/Users/PC/Desktop/Teraz powinno być si/lowgular-course-entry/src/app/ui/employee-faces/employee-faces.component.ts",
		"position": 697
	},
	"level": "info",
	"message": "[CLI] Calling Query entity/actions"
}
[info] [CLI] Called Query entity/actions: {
	"result": [
		{
			"id": "INJECT",
			"label": "Inject",
			"context": {}
		}
	],
	"level": "info",
	"message": "[CLI] Called Query entity/actions"
}
[info] [API] Response ok: entity/actions: {
	"result": [
		{
			"id": "INJECT",
			"label": "Inject",
			"context": {}
		}
	],
	"level": "info",
	"message": "[API] Response ok: entity/actions"
}
[info] [API] Request for injectable/list: {
	"action": "injectable/list",
	"params": {
		"entityFilePath": "C:/Users/PC/Desktop/Teraz powinno być si/lowgular-course-entry/src/app/ui/employee-faces/employee-faces.component.ts"
	},
	"context": {
		"workspace": {
			"rootPath": "C:/Users/PC/Desktop/Teraz powinno być si/lowgular-course-entry"
		},
		"userContext": {
			"id": "7zFsNSilXWOOlxgwZcC1Zdwcs0p1",
			"correlationId": "yIgVORhFwh",
			"logEnvId": "development"
		}
	},
	"level": "info",
	"message": "[API] Request for injectable/list"
}
[info] [CLI] Calling Query injectable/list: {
	"funcParams": {
		"entityFilePath": "C:/Users/PC/Desktop/Teraz powinno być si/lowgular-course-entry/src/app/ui/employee-faces/employee-faces.component.ts"
	},
	"level": "info",
	"message": "[CLI] Calling Query injectable/list"
}
[info] [CLI] Called Query injectable/list: {
	"result": [
		{
			"file": "C:/Users/PC/Desktop/Teraz powinno być si/lowgular-course-entry/src/app/services/employee.service.ts",
			"name": "EmployeeService",
			"type": "SERVICE",
			"dataType": "Internal"
		},
		{
			"file": "C:/Users/PC/Desktop/Teraz powinno być si/lowgular-course-entry/src/app/services/service-arch.service.ts",
			"name": "ServiceArchService",
			"type": "SERVICE",
			"dataType": "Internal"
		},
		{
			"id": "httpClient",
			"dataType": "External",
			"name": "HttpClient",
			"relatedTypes": {}
		}
	],
	"level": "info",
	"message": "[CLI] Called Query injectable/list"
}
[info] [API] Response ok: injectable/list: {
	"result": [
		{
			"file": "C:/Users/PC/Desktop/Teraz powinno być si/lowgular-course-entry/src/app/services/employee.service.ts",
			"name": "EmployeeService",
			"type": "SERVICE",
			"dataType": "Internal"
		},
		{
			"file": "C:/Users/PC/Desktop/Teraz powinno być si/lowgular-course-entry/src/app/services/service-arch.service.ts",
			"name": "ServiceArchService",
			"type": "SERVICE",
			"dataType": "Internal"
		},
		{
			"id": "httpClient",
			"dataType": "External",
			"name": "HttpClient",
			"relatedTypes": {}
		}
	],
	"level": "info",
	"message": "[API] Response ok: injectable/list"
}
[info] [API] Request for injectable/inject: {
	"action": "injectable/inject",
	"params": {
		"entityFilePath": "C:/Users/PC/Desktop/Teraz powinno być si/lowgular-course-entry/src/app/ui/employee-faces/employee-faces.component.ts",
		"injectingPath": "C:/Users/PC/Desktop/Teraz powinno być si/lowgular-course-entry/src/app/services/service-arch.service.ts",
		"type": "SERVICE"
	},
	"context": {
		"workspace": {
			"rootPath": "C:/Users/PC/Desktop/Teraz powinno być si/lowgular-course-entry"
		},
		"userContext": {
			"id": "7zFsNSilXWOOlxgwZcC1Zdwcs0p1",
			"correlationId": "yIgVORhFwh",
			"logEnvId": "development"
		}
	},
	"level": "info",
	"message": "[API] Request for injectable/inject"
}
[info] [CLI] Calling Command injectable/inject: {
	"funcParams": {
		"entityFilePath": "C:/Users/PC/Desktop/Teraz powinno być si/lowgular-course-entry/src/app/ui/employee-faces/employee-faces.component.ts",
		"injectingPath": "C:/Users/PC/Desktop/Teraz powinno być si/lowgular-course-entry/src/app/services/service-arch.service.ts",
		"type": "SERVICE"
	},
	"level": "info",
	"message": "[CLI] Calling Command injectable/inject"
}
[info] [CommandBus]: Dispatching command INJECT_SERVICE_DEPENDENCY: {
	"commandName": "INJECT_SERVICE_DEPENDENCY",
	"payload": {
		"entityFilePath": "C:/Users/PC/Desktop/Teraz powinno być si/lowgular-course-entry/src/app/ui/employee-faces/employee-faces.component.ts",
		"injectingFilePath": "C:/Users/PC/Desktop/Teraz powinno być si/lowgular-course-entry/src/app/services/service-arch.service.ts"
	},
	"level": "info",
	"message": "[CommandBus]: Dispatching command INJECT_SERVICE_DEPENDENCY"
}
[info] [CommandBus]: Handled  INJECT_SERVICE_DEPENDENCY: {
	"commandName": "INJECT_SERVICE_DEPENDENCY",
	"payload": {
		"entityFilePath": "C:/Users/PC/Desktop/Teraz powinno być si/lowgular-course-entry/src/app/ui/employee-faces/employee-faces.component.ts",
		"injectingFilePath": "C:/Users/PC/Desktop/Teraz powinno być si/lowgular-course-entry/src/app/services/service-arch.service.ts"
	},
	"level": "info",
	"message": "[CommandBus]: Handled  INJECT_SERVICE_DEPENDENCY"
}
[info] [CLI] Called Command injectable/inject: {
	"message": "[CLI] Called Command injectable/inject",
	"level": "info"
}
[info] [API] Response ok: injectable/inject: {
	"result": {
		"filePath": "C:/Users/PC/Desktop/Teraz powinno być si/lowgular-course-entry/src/app/ui/employee-faces/employee-faces.component.ts"
	},
	"level": "info",
	"message": "[API] Response ok: injectable/inject"
}
[info] [API] Request for projects/list: {
	"action": "projects/list",
	"params": {
		"clickedPath": "C:/Users/PC/Desktop/Teraz powinno być si/lowgular-course-entry/src/app/model"
	},
	"context": {
		"workspace": {
			"rootPath": "C:/Users/PC/Desktop/Teraz powinno być si/lowgular-course-entry"
		},
		"userContext": {
			"id": "7zFsNSilXWOOlxgwZcC1Zdwcs0p1",
			"correlationId": "0sNlCEqhZd",
			"logEnvId": "development"
		}
	},
	"level": "info",
	"message": "[API] Request for projects/list"
}
[info] [CLI] Calling Query projects/list: {
	"funcParams": {
		"clickedPath": "C:/Users/PC/Desktop/Teraz powinno być si/lowgular-course-entry/src/app/model"
	},
	"level": "info",
	"message": "[CLI] Calling Query projects/list"
}
[info] [CLI] Called Query projects/list: {
	"result": {
		"clickedProject": {
			"name": "lowgular-course-entry",
			"path": "C:/Users/PC/Desktop/Teraz powinno być si/lowgular-course-entry/src/app"
		},
		"otherProjects": []
	},
	"level": "info",
	"message": "[CLI] Called Query projects/list"
}
[info] [API] Response ok: projects/list: {
	"result": {
		"clickedProject": {
			"name": "lowgular-course-entry",
			"path": "C:/Users/PC/Desktop/Teraz powinno być si/lowgular-course-entry/src/app"
		},
		"otherProjects": []
	},
	"level": "info",
	"message": "[API] Response ok: projects/list"
}
[info] [API] Request for entity/list: {
	"action": "entity/list",
	"params": {
		"clickedPath": "C:/Users/PC/Desktop/Teraz powinno być si/lowgular-course-entry/src/app"
	},
	"context": {
		"workspace": {
			"rootPath": "C:/Users/PC/Desktop/Teraz powinno być si/lowgular-course-entry"
		},
		"userContext": {
			"id": "7zFsNSilXWOOlxgwZcC1Zdwcs0p1",
			"correlationId": "0sNlCEqhZd",
			"logEnvId": "development"
		}
	},
	"level": "info",
	"message": "[API] Request for entity/list"
}
[info] [CLI] Calling Query entity/list: {
	"funcParams": {
		"clickedPath": "C:/Users/PC/Desktop/Teraz powinno być si/lowgular-course-entry/src/app"
	},
	"level": "info",
	"message": "[CLI] Calling Query entity/list"
}
[info] [CLI] Called Query entity/list: {
	"result": [
		{
			"id": "component",
			"type": "ANGULAR_COMPONENT",
			"suffix": "Component",
			"folder": "ui/$name$",
			"insideOf": "App",
			"config": {
				"stylesExtension": "none",
				"viewEncapsulation": "Emulated",
				"selector": "generated",
				"changeDetectionStrategy": "OnPush"
			}
		},
		{
			"id": "dataService",
			"type": "SERVICE",
			"suffix": "Service",
			"folder": "services",
			"insideOf": "App"
		},
		{
			"id": "model",
			"type": "DATA_STRUCTURE",
			"suffix": "Model",
			"folder": "model",
			"insideOf": "App"
		},
		{
			"id": "response",
			"type": "DATA_STRUCTURE",
			"suffix": "Response",
			"folder": "services",
			"insideOf": "App"
		}
	],
	"level": "info",
	"message": "[CLI] Called Query entity/list"
}
[info] [API] Response ok: entity/list: {
	"result": [
		{
			"id": "component",
			"type": "ANGULAR_COMPONENT",
			"suffix": "Component",
			"folder": "ui/$name$",
			"insideOf": "App",
			"config": {
				"stylesExtension": "none",
				"viewEncapsulation": "Emulated",
				"selector": "generated",
				"changeDetectionStrategy": "OnPush"
			}
		},
		{
			"id": "dataService",
			"type": "SERVICE",
			"suffix": "Service",
			"folder": "services",
			"insideOf": "App"
		},
		{
			"id": "model",
			"type": "DATA_STRUCTURE",
			"suffix": "Model",
			"folder": "model",
			"insideOf": "App"
		},
		{
			"id": "response",
			"type": "DATA_STRUCTURE",
			"suffix": "Response",
			"folder": "services",
			"insideOf": "App"
		}
	],
	"level": "info",
	"message": "[API] Response ok: entity/list"
}
[info] [API] Request for data-structure/create: {
	"action": "data-structure/create",
	"params": {
		"name": "Person",
		"clickedPath": "C:/Users/PC/Desktop/Teraz powinno być si/lowgular-course-entry/src/app/model",
		"entityId": "model",
		"properties": {
			"personalNumber": "string",
			"name": "string",
			"mail": "string",
			"img": "string"
		}
	},
	"context": {
		"workspace": {
			"rootPath": "C:/Users/PC/Desktop/Teraz powinno być si/lowgular-course-entry"
		},
		"userContext": {
			"id": "7zFsNSilXWOOlxgwZcC1Zdwcs0p1",
			"correlationId": "0sNlCEqhZd",
			"logEnvId": "development"
		}
	},
	"level": "info",
	"message": "[API] Request for data-structure/create"
}
[info] [CLI] Calling Command data-structure/create: {
	"funcParams": {
		"name": "Person",
		"clickedPath": "C:/Users/PC/Desktop/Teraz powinno być si/lowgular-course-entry/src/app/model",
		"entityId": "model",
		"properties": {
			"personalNumber": "string",
			"name": "string",
			"mail": "string",
			"img": "string"
		}
	},
	"level": "info",
	"message": "[CLI] Calling Command data-structure/create"
}
[info] [CommandBus]: Dispatching command CREATE_DATA_STRUCTURE: {
	"commandName": "CREATE_DATA_STRUCTURE",
	"payload": {
		"folderPath": "C:/Users/PC/Desktop/Teraz powinno być si/lowgular-course-entry/src/app/model",
		"name": "Person",
		"suffix": "Model",
		"properties": {
			"personalNumber": "string",
			"name": "string",
			"mail": "string",
			"img": "string"
		}
	},
	"level": "info",
	"message": "[CommandBus]: Dispatching command CREATE_DATA_STRUCTURE"
}
[info] [CommandBus]: Handled  CREATE_DATA_STRUCTURE: {
	"commandName": "CREATE_DATA_STRUCTURE",
	"payload": {
		"folderPath": "C:/Users/PC/Desktop/Teraz powinno być si/lowgular-course-entry/src/app/model",
		"name": "Person",
		"suffix": "Model",
		"properties": {
			"personalNumber": "string",
			"name": "string",
			"mail": "string",
			"img": "string"
		}
	},
	"level": "info",
	"message": "[CommandBus]: Handled  CREATE_DATA_STRUCTURE"
}
[info] [CLI] Called Command data-structure/create: {
	"message": "[CLI] Called Command data-structure/create",
	"level": "info"
}
[info] [API] Response ok: data-structure/create: {
	"result": {
		"filePath": "C:/Users/PC/Desktop/Teraz powinno być si/lowgular-course-entry/src/app/model/person.model.ts"
	},
	"level": "info",
	"message": "[API] Response ok: data-structure/create"
}
